Log file open, 06/29/18 13:19:34
LogWindows: Failed to load 'aqProf.dll' (GetLastError=126)
LogWindows: File 'aqProf.dll' does not exist
LogWindows: Failed to load 'VtuneApi.dll' (GetLastError=126)
LogWindows: File 'VtuneApi.dll' does not exist
LogWindows: Failed to load 'VtuneApi32e.dll' (GetLastError=126)
LogWindows: File 'VtuneApi32e.dll' does not exist
LogInit: Display: Running engine for game: GranProyectodeNOreal
LogPlatformFile: Not using cached read wrapper
LogInit: Display: RandInit(1025346246) SRandInit(1025346246).
LogInit: Read version file with build ID '3944462'
LogInit: Overriding engine version to CL 4033788, compatible CL 3944462
LogInit: Registered custom module enumerator with build ID '3944462'
LogTaskGraph: Started task graph with 5 named threads and 11 total threads with 3 sets of task threads.
LogStats: Stats thread started at 0.209667
LogD3D11RHI: Aftermath initialized
LogICUInternationalization: Display: ICU TimeZone Detection - Raw Offset: +1:00, Platform Override: ''
LogModuleManager: Display: Found up-to-date module file ../../../Engine/Plugins/2D/Paper2D/Binaries/Win64/UE4Editor-Paper2D.dll (API version 3944462).
LogModuleManager: Display: Found up-to-date module file ../../../Engine/Plugins/2D/Paper2D/Binaries/Win64/UE4Editor-Paper2DEditor.dll (API version 3944462).
LogModuleManager: Display: Found up-to-date module file ../../../Engine/Plugins/2D/Paper2D/Binaries/Win64/UE4Editor-PaperSpriteSheetImporter.dll (API version 3944462).
LogModuleManager: Display: Found up-to-date module file ../../../Engine/Plugins/2D/Paper2D/Binaries/Win64/UE4Editor-PaperTiledImporter.dll (API version 3944462).
LogModuleManager: Display: Found up-to-date module file ../../../Engine/Plugins/2D/Paper2D/Binaries/Win64/UE4Editor-SmartSnapping.dll (API version 3944462).
LogModuleManager: Display: Found up-to-date module file ../../../Engine/Plugins/Blendables/LightPropagationVolume/Binaries/Win64/UE4Editor-LightPropagationVolumeRuntime.dll (API version 3944462).
LogModuleManager: Display: Found up-to-date module file ../../../Engine/Plugins/Blendables/LightPropagationVolume/Binaries/Win64/UE4Editor-LightPropagationVolumeEditor.dll (API version 3944462).
LogModuleManager: Display: Found up-to-date module file ../../../Engine/Plugins/Developer/CLionSourceCodeAccess/Binaries/Win64/UE4Editor-CLionSourceCodeAccess.dll (API version 3944462).
LogModuleManager: Display: Found up-to-date module file ../../../Engine/Plugins/Developer/GitSourceControl/Binaries/Win64/UE4Editor-GitSourceControl.dll (API version 3944462).
LogModuleManager: Display: Found up-to-date module file ../../../Engine/Plugins/Developer/PerforceSourceControl/Binaries/Win64/UE4Editor-PerforceSourceControl.dll (API version 3944462).
LogModuleManager: Display: Found up-to-date module file ../../../Engine/Plugins/Developer/SubversionSourceControl/Binaries/Win64/UE4Editor-SubversionSourceControl.dll (API version 3944462).
LogModuleManager: Display: Found up-to-date module file ../../../Engine/Plugins/Developer/UObjectPlugin/Binaries/Win64/UE4Editor-UObjectPlugin.dll (API version 3944462).
LogModuleManager: Display: Found up-to-date module file ../../../Engine/Plugins/Developer/VisualStudioCodeSourceCodeAccess/Binaries/Win64/UE4Editor-VisualStudioCodeSourceCodeAccess.dll (API version 3944462).
LogModuleManager: Display: Found up-to-date module file ../../../Engine/Plugins/Developer/VisualStudioSourceCodeAccess/Binaries/Win64/UE4Editor-VisualStudioSourceCodeAccess.dll (API version 3944462).
LogModuleManager: Display: Found up-to-date module file ../../../Engine/Plugins/Editor/AssetManagerEditor/Binaries/Win64/UE4Editor-AssetManagerEditor.dll (API version 3944462).
LogModuleManager: Display: Found up-to-date module file ../../../Engine/Plugins/Editor/CryptoKeys/Binaries/Win64/UE4Editor-CryptoKeys.dll (API version 3944462).
LogModuleManager: Display: Found up-to-date module file ../../../Engine/Plugins/Editor/CryptoKeys/Binaries/Win64/UE4Editor-CryptoKeysOpenSSL.dll (API version 3944462).
LogModuleManager: Display: Found up-to-date module file ../../../Engine/Plugins/Editor/DataValidation/Binaries/Win64/UE4Editor-DataValidation.dll (API version 3944462).
LogModuleManager: Display: Found up-to-date module file ../../../Engine/Plugins/Editor/FacialAnimation/Binaries/Win64/UE4Editor-FacialAnimation.dll (API version 3944462).
LogModuleManager: Display: Found up-to-date module file ../../../Engine/Plugins/Editor/FacialAnimation/Binaries/Win64/UE4Editor-FacialAnimationEditor.dll (API version 3944462).
LogModuleManager: Display: Found up-to-date module file ../../../Engine/Plugins/Editor/GameplayTagsEditor/Binaries/Win64/UE4Editor-GameplayTagsEditor.dll (API version 3944462).
LogModuleManager: Display: Found up-to-date module file ../../../Engine/Plugins/Editor/MobileLauncherProfileWizard/Binaries/Win64/UE4Editor-MobileLauncherProfileWizard.dll (API version 3944462).
LogModuleManager: Display: Found up-to-date module file ../../../Engine/Plugins/Editor/PluginBrowser/Binaries/Win64/UE4Editor-PluginBrowser.dll (API version 3944462).
LogModuleManager: Display: Found up-to-date module file ../../../Engine/Plugins/Editor/SpeedTreeImporter/Binaries/Win64/UE4Editor-SpeedTreeImporter.dll (API version 3944462).
LogModuleManager: Display: Found up-to-date module file ../../../Engine/Plugins/Enterprise/DatasmithContent/Binaries/Win64/UE4Editor-DatasmithContent.dll (API version 3944462).
LogModuleManager: Display: Found up-to-date module file ../../../Engine/Plugins/Experimental/AlembicImporter/Binaries/Win64/UE4Editor-AlembicImporter.dll (API version 3944462).
LogModuleManager: Display: Found up-to-date module file ../../../Engine/Plugins/Experimental/AlembicImporter/Binaries/Win64/UE4Editor-AlembicLibrary.dll (API version 3944462).
LogModuleManager: Display: Found up-to-date module file ../../../Engine/Plugins/Experimental/CharacterAI/Binaries/Win64/UE4Editor-CharacterAI.dll (API version 3944462).
LogModuleManager: Display: Found up-to-date module file ../../../Engine/Plugins/Experimental/HTML5Networking/Binaries/Win64/UE4Editor-HTML5Networking.dll (API version 3944462).
LogModuleManager: Display: Found up-to-date module file ../../../Engine/Plugins/Media/AndroidMedia/Binaries/Win64/UE4Editor-AndroidMediaEditor.dll (API version 3944462).
LogModuleManager: Display: Found up-to-date module file ../../../Engine/Plugins/Media/AndroidMedia/Binaries/Win64/UE4Editor-AndroidMediaFactory.dll (API version 3944462).
LogModuleManager: Display: Found up-to-date module file ../../../Engine/Plugins/Media/AvfMedia/Binaries/Win64/UE4Editor-AvfMediaEditor.dll (API version 3944462).
LogModuleManager: Display: Found up-to-date module file ../../../Engine/Plugins/Media/AvfMedia/Binaries/Win64/UE4Editor-AvfMediaFactory.dll (API version 3944462).
LogModuleManager: Display: Found up-to-date module file ../../../Engine/Plugins/Media/AvfMedia/Binaries/Win64/UE4Editor-AvfMediaFactory.dll (API version 3944462).
LogModuleManager: Display: Found up-to-date module file ../../../Engine/Plugins/Media/ImgMedia/Binaries/Win64/UE4Editor-ImgMedia.dll (API version 3944462).
LogModuleManager: Display: Found up-to-date module file ../../../Engine/Plugins/Media/ImgMedia/Binaries/Win64/UE4Editor-ImgMediaEditor.dll (API version 3944462).
LogModuleManager: Display: Found up-to-date module file ../../../Engine/Plugins/Media/ImgMedia/Binaries/Win64/UE4Editor-ImgMediaFactory.dll (API version 3944462).
LogModuleManager: Display: Found up-to-date module file ../../../Engine/Plugins/Media/ImgMedia/Binaries/Win64/UE4Editor-ImgMediaFactory.dll (API version 3944462).
LogModuleManager: Display: Found up-to-date module file ../../../Engine/Plugins/Media/ImgMedia/Binaries/Win64/UE4Editor-OpenExrWrapper.dll (API version 3944462).
LogModuleManager: Display: Found up-to-date module file ../../../Engine/Plugins/Media/LinearTimecode/Binaries/Win64/UE4Editor-LinearTimecode.dll (API version 3944462).
LogModuleManager: Display: Found up-to-date module file ../../../Engine/Plugins/Media/MediaCompositing/Binaries/Win64/UE4Editor-MediaCompositing.dll (API version 3944462).
LogModuleManager: Display: Found up-to-date module file ../../../Engine/Plugins/Media/MediaCompositing/Binaries/Win64/UE4Editor-MediaCompositingEditor.dll (API version 3944462).
LogModuleManager: Display: Found up-to-date module file ../../../Engine/Plugins/Media/MediaPlayerEditor/Binaries/Win64/UE4Editor-MediaPlayerEditor.dll (API version 3944462).
LogModuleManager: Display: Found up-to-date module file ../../../Engine/Plugins/Media/WmfMedia/Binaries/Win64/UE4Editor-WmfMedia.dll (API version 3944462).
LogModuleManager: Display: Found up-to-date module file ../../../Engine/Plugins/Media/WmfMedia/Binaries/Win64/UE4Editor-WmfMediaEditor.dll (API version 3944462).
LogModuleManager: Display: Found up-to-date module file ../../../Engine/Plugins/Media/WmfMedia/Binaries/Win64/UE4Editor-WmfMediaFactory.dll (API version 3944462).
LogModuleManager: Display: Found up-to-date module file ../../../Engine/Plugins/Media/WmfMedia/Binaries/Win64/UE4Editor-WmfMediaFactory.dll (API version 3944462).
LogModuleManager: Display: Found up-to-date module file ../../../Engine/Plugins/Messaging/TcpMessaging/Binaries/Win64/UE4Editor-TcpMessaging.dll (API version 3944462).
LogModuleManager: Display: Found up-to-date module file ../../../Engine/Plugins/Messaging/UdpMessaging/Binaries/Win64/UE4Editor-UdpMessaging.dll (API version 3944462).
LogModuleManager: Display: Found up-to-date module file ../../../Engine/Plugins/MovieScene/ActorSequence/Binaries/Win64/UE4Editor-ActorSequence.dll (API version 3944462).
LogModuleManager: Display: Found up-to-date module file ../../../Engine/Plugins/MovieScene/LevelSequenceEditor/Binaries/Win64/UE4Editor-LevelSequenceEditor.dll (API version 3944462).
LogModuleManager: Display: Found up-to-date module file ../../../Engine/Plugins/MovieScene/MatineeToLevelSequence/Binaries/Win64/UE4Editor-MatineeToLevelSequence.dll (API version 3944462).
LogModuleManager: Display: Found up-to-date module file ../../../Engine/Plugins/NetcodeUnitTest/NetcodeUnitTest/Binaries/Win64/UE4Editor-NetcodeUnitTest.dll (API version 3944462).
LogModuleManager: Display: Found up-to-date module file ../../../Engine/Plugins/NetcodeUnitTest/NUTUnrealEngine4/Binaries/Win64/UE4Editor-NUTUnrealEngine4.dll (API version 3944462).
LogModuleManager: Display: Found up-to-date module file ../../../Engine/Plugins/Online/OnlineSubsystem/Binaries/Win64/UE4Editor-OnlineSubsystem.dll (API version 3944462).
LogModuleManager: Display: Found up-to-date module file ../../../Engine/Plugins/Runtime/AndroidPermission/Binaries/Win64/UE4Editor-AndroidPermission.dll (API version 3944462).
LogModuleManager: Display: Found up-to-date module file ../../../Engine/Plugins/Online/OnlineSubsystemNull/Binaries/Win64/UE4Editor-OnlineSubsystemNull.dll (API version 3944462).
LogModuleManager: Display: Found up-to-date module file ../../../Engine/Plugins/Online/OnlineSubsystemUtils/Binaries/Win64/UE4Editor-OnlineSubsystemUtils.dll (API version 3944462).
LogModuleManager: Display: Found up-to-date module file ../../../Engine/Plugins/Online/OnlineSubsystemUtils/Binaries/Win64/UE4Editor-OnlineBlueprintSupport.dll (API version 3944462).
LogModuleManager: Display: Found up-to-date module file ../../../Engine/Plugins/Runtime/AndroidDeviceProfileSelector/Binaries/Win64/UE4Editor-AndroidDeviceProfileSelector.dll (API version 3944462).
LogModuleManager: Display: Found up-to-date module file ../../../Engine/Plugins/Runtime/AppleARKit/Binaries/Win64/UE4Editor-AppleARKit.dll (API version 3944462).
LogModuleManager: Display: Found up-to-date module file ../../../Engine/Plugins/Runtime/ProceduralMeshComponent/Binaries/Win64/UE4Editor-ProceduralMeshComponent.dll (API version 3944462).
LogModuleManager: Display: Found up-to-date module file ../../../Engine/Plugins/Runtime/ProceduralMeshComponent/Binaries/Win64/UE4Editor-ProceduralMeshComponentEditor.dll (API version 3944462).
LogModuleManager: Display: Found up-to-date module file ../../../Engine/Plugins/Animation/LiveLink/Binaries/Win64/UE4Editor-LiveLink.dll (API version 3944462).
LogModuleManager: Display: Found up-to-date module file ../../../Engine/Plugins/Animation/LiveLink/Binaries/Win64/UE4Editor-LiveLinkEditor.dll (API version 3944462).
LogModuleManager: Display: Found up-to-date module file ../../../Engine/Plugins/Runtime/ArchVisCharacter/Binaries/Win64/UE4Editor-ArchVisCharacter.dll (API version 3944462).
LogModuleManager: Display: Found up-to-date module file ../../../Engine/Plugins/Runtime/AudioCapture/Binaries/Win64/UE4Editor-AudioCapture.dll (API version 3944462).
LogModuleManager: Display: Found up-to-date module file ../../../Engine/Plugins/Runtime/AudioCapture/Binaries/Win64/UE4Editor-AudioCaptureEditor.dll (API version 3944462).
LogModuleManager: Display: Found up-to-date module file ../../../Engine/Plugins/Runtime/CableComponent/Binaries/Win64/UE4Editor-CableComponent.dll (API version 3944462).
LogModuleManager: Display: Found up-to-date module file ../../../Engine/Plugins/Runtime/CustomMeshComponent/Binaries/Win64/UE4Editor-CustomMeshComponent.dll (API version 3944462).
LogModuleManager: Display: Found up-to-date module file ../../../Engine/Plugins/Runtime/ExampleDeviceProfileSelector/Binaries/Win64/UE4Editor-ExampleDeviceProfileSelector.dll (API version 3944462).
LogModuleManager: Display: Found up-to-date module file ../../../Engine/Plugins/Runtime/ImmediatePhysics/Binaries/Win64/UE4Editor-ImmediatePhysics.dll (API version 3944462).
LogModuleManager: Display: Found up-to-date module file ../../../Engine/Plugins/Runtime/ImmediatePhysics/Binaries/Win64/UE4Editor-ImmediatePhysicsEditor.dll (API version 3944462).
LogModuleManager: Display: Found up-to-date module file ../../../Engine/Plugins/Runtime/LocationServicesBPLibrary/Binaries/Win64/UE4Editor-LocationServicesBPLibrary.dll (API version 3944462).
LogModuleManager: Display: Found up-to-date module file ../../../Engine/Plugins/Runtime/MobilePatchingUtils/Binaries/Win64/UE4Editor-MobilePatchingUtils.dll (API version 3944462).
LogModuleManager: Display: Found up-to-date module file ../../../Engine/Plugins/Runtime/Oculus/OculusVR/Binaries/Win64/UE4Editor-OculusHMD.dll (API version 3944462).
LogModuleManager: Display: Found up-to-date module file ../../../Engine/Plugins/Runtime/Oculus/OculusVR/Binaries/Win64/UE4Editor-OculusInput.dll (API version 3944462).
LogModuleManager: Display: Found up-to-date module file ../../../Engine/Plugins/Runtime/Oculus/OculusVR/Binaries/Win64/UE4Editor-OculusEditor.dll (API version 3944462).
LogModuleManager: Display: Found up-to-date module file ../../../Engine/Plugins/Runtime/PhysXVehicles/Binaries/Win64/UE4Editor-PhysXVehicles.dll (API version 3944462).
LogModuleManager: Display: Found up-to-date module file ../../../Engine/Plugins/Runtime/PhysXVehicles/Binaries/Win64/UE4Editor-PhysXVehiclesEditor.dll (API version 3944462).
LogModuleManager: Display: Found up-to-date module file ../../../Engine/Plugins/Runtime/RuntimePhysXCooking/Binaries/Win64/UE4Editor-RuntimePhysXCooking.dll (API version 3944462).
LogModuleManager: Display: Found up-to-date module file ../../../Engine/Plugins/Runtime/Steam/SteamVR/Binaries/Win64/UE4Editor-SteamVR.dll (API version 3944462).
LogModuleManager: Display: Found up-to-date module file ../../../Engine/Plugins/Runtime/Steam/SteamVR/Binaries/Win64/UE4Editor-SteamVRController.dll (API version 3944462).
LogModuleManager: Display: Found up-to-date module file ../../../Engine/Plugins/Runtime/WindowsMoviePlayer/Binaries/Win64/UE4Editor-WindowsMoviePlayer.dll (API version 3944462).
LogPluginManager: Mounting plugin Paper2D
LogPluginManager: Mounting plugin LiveLink
LogPluginManager: Mounting plugin LightPropagationVolume
LogPluginManager: Mounting plugin CLionSourceCodeAccess
LogPluginManager: Mounting plugin CodeLiteSourceCodeAccess
LogPluginManager: Mounting plugin GitSourceControl
LogPluginManager: Mounting plugin KDevelopSourceCodeAccess
LogPluginManager: Mounting plugin NullSourceCodeAccess
LogPluginManager: Mounting plugin PerforceSourceControl
LogPluginManager: Mounting plugin SubversionSourceControl
LogPluginManager: Mounting plugin UObjectPlugin
LogPluginManager: Mounting plugin VisualStudioCodeSourceCodeAccess
LogPluginManager: Mounting plugin VisualStudioSourceCodeAccess
LogPluginManager: Mounting plugin XCodeSourceCodeAccess
LogPluginManager: Mounting plugin AssetManagerEditor
LogPluginManager: Mounting plugin CryptoKeys
LogPluginManager: Mounting plugin DataValidation
LogPluginManager: Mounting plugin FacialAnimation
LogPluginManager: Mounting plugin GameplayTagsEditor
LogPluginManager: Mounting plugin MobileLauncherProfileWizard
LogPluginManager: Mounting plugin PluginBrowser
LogPluginManager: Mounting plugin SpeedTreeImporter
LogPluginManager: Mounting plugin DatasmithContent
LogPluginManager: Mounting plugin AlembicImporter
LogPluginManager: Mounting plugin CharacterAI
LogPluginManager: Mounting plugin HTML5Networking
LogPluginManager: Mounting plugin AndroidMedia
LogPluginManager: Mounting plugin AvfMedia
LogPluginManager: Mounting plugin ImgMedia
LogPluginManager: Mounting plugin LinearTimecode
LogPluginManager: Mounting plugin MediaCompositing
LogPluginManager: Mounting plugin MediaPlayerEditor
LogPluginManager: Mounting plugin WmfMedia
LogPluginManager: Mounting plugin TcpMessaging
LogPluginManager: Mounting plugin UdpMessaging
LogPluginManager: Mounting plugin ActorSequence
LogPluginManager: Mounting plugin LevelSequenceEditor
LogPluginManager: Mounting plugin MatineeToLevelSequence
LogPluginManager: Mounting plugin NetcodeUnitTest
LogPluginManager: Mounting plugin NUTUnrealEngine4
LogPluginManager: Mounting plugin OnlineSubsystemGooglePlay
LogPluginManager: Mounting plugin OnlineSubsystemIOS
LogPluginManager: Mounting plugin OnlineSubsystem
LogPluginManager: Mounting plugin OnlineSubsystemNull
LogPluginManager: Mounting plugin OnlineSubsystemUtils
LogPluginManager: Mounting plugin AndroidDeviceProfileSelector
LogPluginManager: Mounting plugin AndroidMoviePlayer
LogPluginManager: Mounting plugin AndroidPermission
LogPluginManager: Mounting plugin AppleARKit
LogPluginManager: Mounting plugin AppleMoviePlayer
LogPluginManager: Mounting plugin ArchVisCharacter
LogPluginManager: Mounting plugin AudioCapture
LogPluginManager: Mounting plugin CableComponent
LogPluginManager: Mounting plugin CustomMeshComponent
LogPluginManager: Mounting plugin ExampleDeviceProfileSelector
LogPluginManager: Mounting plugin GoogleCloudMessaging
LogPluginManager: Mounting plugin ImmediatePhysics
LogPluginManager: Mounting plugin IOSDeviceProfileSelector
LogPluginManager: Mounting plugin LinuxDeviceProfileSelector
LogPluginManager: Mounting plugin LocationServicesBPLibrary
LogPluginManager: Mounting plugin MobilePatchingUtils
LogPluginManager: Mounting plugin OculusVR
LogPluginManager: Plugin shader directory ../../../Engine/Plugins/Runtime/Oculus/OculusVR/Shaders found
LogPluginManager: Mapping shader source directory ../../../Engine/Plugins/Runtime/Oculus/OculusVR/Shaders to virtual directory /Plugin/OculusVR
LogPluginManager: Mounting plugin PhysXVehicles
LogPluginManager: Mounting plugin ProceduralMeshComponent
LogPluginManager: Mounting plugin RuntimePhysXCooking
LogPluginManager: Mounting plugin SteamVR
LogPluginManager: Mounting plugin WindowsMoviePlayer
LogStreaming: Display: Took  1.568s to configure plugins.
LogInit: Using libcurl 7.47.1
LogInit:  - built for x86_64-pc-win32
LogInit:  - supports SSL with OpenSSL/1.0.2g
LogInit:  - supports HTTP deflate (compression) using libz 1.2.8
LogInit:  - other features:
LogInit:      CURL_VERSION_SSL
LogInit:      CURL_VERSION_LIBZ
LogInit:      CURL_VERSION_IPV6
LogInit:      CURL_VERSION_ASYNCHDNS
LogInit:      CURL_VERSION_LARGEFILE
LogInit:      CURL_VERSION_IDN
LogInit:  CurlRequestOptions (configurable via config and command line):
LogInit:  - bVerifyPeer = false  - Libcurl will NOT verify peer certificate
LogInit:  - bUseHttpProxy = false  - Libcurl will NOT use HTTP proxy
LogInit:  - bDontReuseConnections = false  - Libcurl will reuse connections
LogInit:  - CertBundlePath = nullptr  - Libcurl will use whatever was configured at build time.
LogInit:  - MaxHostConnections = 16  - Libcurl will limit the number of connections to a host
LogInit:  - LocalHostAddr = Default
LogInit: WinSock: version 1.1 (2.2), MaxSocks=32767, MaxUdp=65467
LogInit: WinSock: I am DESKTOP-19O1GSB (192.168.3.25:0)
LogInit: Build: ++UE4+Release-4.19-CL-4033788
LogInit: Engine Version: 4.19.2-4033788+++UE4+Release-4.19
LogInit: Compatible Engine Version: 4.19.0-3944462+++UE4+Release-4.19
LogInit: Net CL: 3944462
LogDevObjectVersion: Number of dev versions registered: 18
LogDevObjectVersion:   Dev-Blueprints (B0D832E4-1F89-4F0D-ACCF-7EB736FD4AA2): 10
LogDevObjectVersion:   Dev-Build (E1C64328-A22C-4D53-A36C-8E866417BD8C): 0
LogDevObjectVersion:   Dev-Core (375EC13C-06E4-48FB-B500-84F0262A717E): 2
LogDevObjectVersion:   Dev-Editor (E4B068ED-F494-42E9-A231-DA0B2E46BB41): 23
LogDevObjectVersion:   Dev-Framework (CFFC743F-43B0-4480-9391-14DF171D2073): 33
LogDevObjectVersion:   Dev-Mobile (B02B49B5-BB20-44E9-A304-32B752E40360): 2
LogDevObjectVersion:   Dev-Networking (A4E4105C-59A1-49B5-A7C5-40C4547EDFEE): 0
LogDevObjectVersion:   Dev-Online (39C831C9-5AE6-47DC-9A44-9C173E1C8E7C): 0
LogDevObjectVersion:   Dev-Physics (78F01B33-EBEA-4F98-B9B4-84EACCB95AA2): 0
LogDevObjectVersion:   Dev-Platform (6631380F-2D4D-43E0-8009-CF276956A95A): 0
LogDevObjectVersion:   Dev-Rendering (12F88B9F-8875-4AFC-A67C-D90C383ABD29): 25
LogDevObjectVersion:   Dev-Sequencer (7B5AE74C-D270-4C10-A958-57980B212A5A): 6
LogDevObjectVersion:   Dev-VR (D7296918-1DD6-4BDD-9DE2-64A83CC13884): 1
LogDevObjectVersion:   Dev-LoadTimes (C2A15278-BFE7-4AFE-6C17-90FF531DF755): 1
LogDevObjectVersion:   Private-Geometry (6EACA3D4-40EC-4CC1-B786-8BED09428FC5): 2
LogDevObjectVersion:   Dev-AnimPhys (29E575DD-E0A3-4627-9D10-D276232CDCEA): 16
LogDevObjectVersion:   Dev-ReflectionCapture (6B266CEC-1EC7-4B8F-A30B-E4D90942FC07): 1
LogDevObjectVersion:   Dev-Automation (0DF73D61-A23F-47EA-B727-89E90C41499A): 1
LogInit: Compiled (64-bit): Apr 27 2018 02:06:57
LogInit: Compiled with Visual C++: 19.00.24215.01
LogInit: Build Configuration: Development
LogInit: Branch Name: ++UE4+Release-4.19
LogInit: Command Line: -EpicPortal 
LogInit: Base Directory: C:/Program Files/Epic Games/UE_4.19/Engine/Binaries/Win64/
LogInit: Installed Engine Build: 1
LogStreaming: Display: Took  0.003s to delete old logs.
LogInit: Presizing for max 8388607 objects, including 0 objects not considered by GC, pre-allocating 0 bytes for permanent pool.
LogInit: Object subsystem initialized
[2018.06.29-11.19.36:784][  0]LogInit: Selected Device Profile: [Windows]
[2018.06.29-11.19.36:784][  0]LogInit: Applying CVar settings loaded from the selected device profile: [Windows]
[2018.06.29-11.19.36:828][  0]LogInit: Computer: DESKTOP-19O1GSB
[2018.06.29-11.19.36:828][  0]LogInit: User: JanTorrent
[2018.06.29-11.19.36:828][  0]LogInit: CPU Page size=4096, Cores=2
[2018.06.29-11.19.36:828][  0]LogInit: High frequency timer resolution =2.338335 MHz
[2018.06.29-11.19.36:829][  0]LogMemory: Memory total: Physical=7.9GB (8GB approx)
[2018.06.29-11.19.36:829][  0]LogMemory: Platform Memory Stats for Windows
[2018.06.29-11.19.36:829][  0]LogMemory: Process Physical Memory: 273.04 MB used, 273.04 MB peak
[2018.06.29-11.19.36:829][  0]LogMemory: Process Virtual Memory: 268.00 MB used, 268.00 MB peak
[2018.06.29-11.19.36:829][  0]LogMemory: Physical Memory: 3849.84 MB used,  4244.67 MB free, 8094.50 MB total
[2018.06.29-11.19.36:829][  0]LogMemory: Virtual Memory: 4783.98 MB used,  4244.67 MB free, 134217728.00 MB total
[2018.06.29-11.19.36:858][  0]LogInit: Overriding language with editor language configuration option (en).
[2018.06.29-11.19.36:858][  0]LogInit: Overriding locale with editor locale configuration option (en).
[2018.06.29-11.19.37:977][  0]LogStreaming: Display: Took  1.119s to EndInitTextLocalization.
[2018.06.29-11.19.37:978][  0]LogInit: Setting process to per monitor DPI aware
[2018.06.29-11.19.38:050][  0]LogSlate: New Slate User Created.  User Index 0, Is Virtual User: 0
[2018.06.29-11.19.38:050][  0]LogSlate: Slate User Registered.  User Index 0, Is Virtual User: 0
[2018.06.29-11.19.38:286][  0]LogD3D11RHI: D3D11 adapters:
[2018.06.29-11.19.38:317][  0]LogD3D11RHI:    0. 'NVIDIA GeForce 920M' (Feature Level 11_0)
[2018.06.29-11.19.38:317][  0]LogD3D11RHI:       2020/0/4047 MB DedicatedVideo/DedicatedSystem/SharedSystem, Outputs:1, VendorId:0x10de
[2018.06.29-11.19.38:323][  0]LogD3D11RHI:    1. 'Intel(R) HD Graphics 5500' (Feature Level 11_0)
[2018.06.29-11.19.38:323][  0]LogD3D11RHI:       128/0/4047 MB DedicatedVideo/DedicatedSystem/SharedSystem, Outputs:0, VendorId:0x8086
[2018.06.29-11.19.38:325][  0]LogD3D11RHI:    2. 'Microsoft Basic Render Driver' (Feature Level 11_0)
[2018.06.29-11.19.38:325][  0]LogD3D11RHI:       0/0/4047 MB DedicatedVideo/DedicatedSystem/SharedSystem, Outputs:0, VendorId:0x1414
[2018.06.29-11.19.38:325][  0]LogD3D11RHI: Chosen D3D11 Adapter: 0
[2018.06.29-11.19.38:341][  0]LogD3D11RHI: Creating new Direct3DDevice
[2018.06.29-11.19.38:341][  0]LogD3D11RHI:     GPU DeviceId: 0x1299 (for the marketing name, search the web for "GPU Device Id")
[2018.06.29-11.19.38:341][  0]LogWindows: EnumDisplayDevices:
[2018.06.29-11.19.38:341][  0]LogWindows:    0. 'Intel(R) HD Graphics 5500' (P:1 D:1)
[2018.06.29-11.19.38:341][  0]LogWindows:    1. 'Intel(R) HD Graphics 5500' (P:0 D:0)
[2018.06.29-11.19.38:342][  0]LogWindows:    2. 'Intel(R) HD Graphics 5500' (P:0 D:0)
[2018.06.29-11.19.38:342][  0]LogWindows: DebugString: GetVideoDriverDetailsInvalid PrimaryIsNotTheChoosenAdapter GetVideoDriverDetailsInvalid PrimaryIsNotTheChoosenAdapter GetVideoDriverDetailsInvalid PrimaryIsNotTheChoosenAdapter FoundDriverCount:0 
[2018.06.29-11.19.38:342][  0]LogD3D11RHI:     Adapter Name: NVIDIA GeForce 920M
[2018.06.29-11.19.38:342][  0]LogD3D11RHI:   Driver Version: Unknown (internal:Unknown, unified:Unknown)
[2018.06.29-11.19.38:342][  0]LogD3D11RHI:      Driver Date: Unknown
[2018.06.29-11.19.38:342][  0]LogRHI: Texture pool is 1414 MB (70% of 2020 MB)
[2018.06.29-11.19.38:363][  0]LogD3D11RHI: [Aftermath] Aftermath enabled but failed to initialize
[2018.06.29-11.19.38:363][  0]LogD3D11RHI: [Aftermath] Aftermath enabled and primed
[2018.06.29-11.19.38:363][  0]LogD3D11RHI: Async texture creation enabled
[2018.06.29-11.19.38:383][  0]LogD3D11RHI: GPU Timing Frequency: 1000.000000 (Debug: 2 2)
[2018.06.29-11.19.38:384][  0]LogShaderCompilers: Guid format shader working directory is -30 characters bigger than the processId version (../../../../../../Users/Jan Torrent/Desktop/Github/JanXUnreal/GranProyectodeNOreal/Intermediate/Shaders/WorkingDirectory/7132/).
[2018.06.29-11.19.38:384][  0]LogShaderCompilers: Cleaned the shader compiler working directory 'C:/Users/Jan Torrent/AppData/Local/Temp/UnrealShaderWorkingDir/D7DF86F344159A18B2D46684666624A6/'.
[2018.06.29-11.19.38:648][  0]LogTemp: Display: Loaded TP AllDesktopTargetPlatform
[2018.06.29-11.19.38:664][  0]LogTemp: Display: Loaded TP MacClientTargetPlatform
[2018.06.29-11.19.38:694][  0]LogTemp: Display: Loaded TP MacNoEditorTargetPlatform
[2018.06.29-11.19.38:723][  0]LogTemp: Display: Loaded TP MacServerTargetPlatform
[2018.06.29-11.19.38:753][  0]LogTemp: Display: Loaded TP MacTargetPlatform
[2018.06.29-11.19.38:787][  0]LogTemp: Display: Loaded TP WindowsClientTargetPlatform
[2018.06.29-11.19.38:830][  0]LogTemp: Display: Loaded TP WindowsNoEditorTargetPlatform
[2018.06.29-11.19.38:866][  0]LogTemp: Display: Loaded TP WindowsServerTargetPlatform
[2018.06.29-11.19.38:883][  0]LogTemp: Display: Loaded TP WindowsTargetPlatform
[2018.06.29-11.19.38:908][  0]LogTemp: Display: Loaded TP Android_ASTCTargetPlatform
[2018.06.29-11.19.38:925][  0]LogTemp: Display: Loaded TP Android_ATCTargetPlatform
[2018.06.29-11.19.38:943][  0]LogTemp: Display: Loaded TP Android_DXTTargetPlatform
[2018.06.29-11.19.38:960][  0]LogTemp: Display: Loaded TP Android_ETC1aTargetPlatform
[2018.06.29-11.19.38:992][  0]LogTemp: Display: Loaded TP Android_ETC1TargetPlatform
[2018.06.29-11.19.39:034][  0]LogTemp: Display: Loaded TP Android_ETC2TargetPlatform
[2018.06.29-11.19.39:115][  0]LogTemp: Display: Loaded TP Android_MultiTargetPlatform
[2018.06.29-11.19.39:115][  0]LogTemp: Display: Loaded TP Android_PVRTCTargetPlatform
[2018.06.29-11.19.39:163][  0]LogTemp: Display: Loaded TP AndroidTargetPlatform
[2018.06.29-11.19.39:166][  0]LogTemp: Display: Loaded TP HTML5TargetPlatform
[2018.06.29-11.19.39:246][  0]LogTemp: Display: Loaded TP IOSTargetPlatform
[2018.06.29-11.19.39:283][  0]LogTemp: Display: Loaded TP TVOSTargetPlatform
[2018.06.29-11.19.39:309][  0]LogTemp: Display: Loaded TP LinuxClientTargetPlatform
[2018.06.29-11.19.39:332][  0]LogTemp: Display: Loaded TP LinuxNoEditorTargetPlatform
[2018.06.29-11.19.39:356][  0]LogTemp: Display: Loaded TP LinuxServerTargetPlatform
[2018.06.29-11.19.39:381][  0]LogTemp: Display: Loaded TP LinuxTargetPlatform
[2018.06.29-11.19.39:381][  0]LogTargetPlatformManager: Display: Building Assets For Windows
[2018.06.29-11.19.39:640][  0]LogXGEController: Cannot use XGE Controller as Incredibuild is not installed on this machine.
[2018.06.29-11.19.39:640][  0]LogShaderCompilers: Cannot use XGE Shader Compiler as Incredibuild is not installed on this machine.
[2018.06.29-11.19.39:640][  0]LogShaderCompilers: Display: Using Local Shader Compiler.
[2018.06.29-11.19.40:737][  0]LogDerivedDataCache: Display: Max Cache Size: 512 MB
[2018.06.29-11.19.40:927][  0]LogDerivedDataCache: Loaded boot cache 0.19s 74MB C:/Users/Jan Torrent/AppData/Local/UnrealEngine/4.19/DerivedDataCache/Boot.ddc.
[2018.06.29-11.19.40:927][  0]LogDerivedDataCache: Display: Loaded Boot cache: C:/Users/Jan Torrent/AppData/Local/UnrealEngine/4.19/DerivedDataCache/Boot.ddc
[2018.06.29-11.19.40:928][  0]LogDerivedDataCache: FDerivedDataBackendGraph:  Pak pak cache file ../../../../../../Users/Jan Torrent/Desktop/Github/JanXUnreal/GranProyectodeNOreal/DerivedDataCache/DDC.ddp not found, will not use a pak cache.
[2018.06.29-11.19.40:928][  0]LogDerivedDataCache: Unable to find inner node Pak for hierarchical cache Hierarchy.
[2018.06.29-11.19.40:928][  0]LogDerivedDataCache: FDerivedDataBackendGraph:  CompressedPak pak cache file ../../../../../../Users/Jan Torrent/Desktop/Github/JanXUnreal/GranProyectodeNOreal/DerivedDataCache/Compressed.ddp not found, will not use a pak cache.
[2018.06.29-11.19.40:928][  0]LogDerivedDataCache: Unable to find inner node CompressedPak for hierarchical cache Hierarchy.
[2018.06.29-11.19.40:961][  0]LogDerivedDataCache: Display: Pak cache opened for reading ../../../Engine/DerivedDataCache/Compressed.ddp.
[2018.06.29-11.19.40:974][  0]LogDerivedDataCache: Using Local data cache path C:/Users/Jan Torrent/AppData/Local/UnrealEngine/Common/DerivedDataCache: Writable
[2018.06.29-11.19.40:974][  0]LogDerivedDataCache: Shared data cache path not found in *engine.ini, will not use an Shared cache.
[2018.06.29-11.19.40:974][  0]LogDerivedDataCache: Unable to find inner node Shared for hierarchical cache Hierarchy.
[2018.06.29-11.19.40:998][  0]LogMaterial: Verifying Global Shaders for PCD3D_SM5
[2018.06.29-11.19.40:998][  0]LogSlate: Using Freetype 2.6.0
[2018.06.29-11.19.40:999][  0]LogSlate: SlateFontCache - WITH_FREETYPE: 1, WITH_HARFBUZZ: 1
[2018.06.29-11.19.40:999][  0]LogSlate: SlateFontCache - WITH_FREETYPE: 1, WITH_HARFBUZZ: 1
[2018.06.29-11.19.41:166][  0]LogAssetRegistry: FAssetRegistry took 0.0316 seconds to start up
[2018.06.29-11.19.41:585][  0]LogInit: Selected Device Profile: [Windows]
[2018.06.29-11.19.41:808][  0]LogSimplygon: Simplygon DLL not present - disabling.
[2018.06.29-11.19.41:813][  0]LogMeshReduction: Using SimplygonSwarm for distributed automatic mesh merging
[2018.06.29-11.19.41:813][  0]LogMeshReduction: Using QuadricMeshReduction for automatic static mesh reduction
[2018.06.29-11.19.41:813][  0]LogMeshReduction: No automatic skeletal mesh reduction module available
[2018.06.29-11.19.41:813][  0]LogMeshReduction: No automatic mesh merging module available
[2018.06.29-11.19.41:813][  0]LogMeshMerging: No automatic mesh merging module available
[2018.06.29-11.19.41:876][  0]LogNetVersion: GranProyectodeNOreal , NetCL: 3944462, EngineNetVer: 2, GameNetVer: 0 (Checksum: 1917389254)
[2018.06.29-11.19.42:818][  0]LogPackageLocalizationCache: Processed 9 localized package path(s) for 1 prioritized culture(s) in 0.125268 seconds
[2018.06.29-11.19.42:832][  0]LogUObjectArray: 36728 objects as part of root set at end of initial load.
[2018.06.29-11.19.42:833][  0]LogUObjectAllocator: 7314304 out of 0 bytes used by permanent object pool.
[2018.06.29-11.19.42:833][  0]LogUObjectArray: CloseDisregardForGC: 0/0 objects in disregard for GC pool
[2018.06.29-11.19.45:194][  0]LogTcpMessaging: Initializing TcpMessaging bridge
[2018.06.29-11.19.45:228][  0]LogUdpMessaging: Initializing bridge on interface 0.0.0.0:0 to multicast group 230.0.0.1:6666.
[2018.06.29-11.19.45:886][  0]SourceControl: Source control is disabled
[2018.06.29-11.19.45:887][  0]SourceControl: Source control is disabled
[2018.06.29-11.19.45:913][  0]SourceControl: Source control is disabled
[2018.06.29-11.19.45:938][  0]SourceControl: Source control is disabled
[2018.06.29-11.19.46:844][  0]LogAndroidPermission: UAndroidPermissionCallbackProxy::GetInstance
[2018.06.29-11.19.47:013][  0]LogOcInput: OculusInput pre-init called
[2018.06.29-11.19.47:185][  0]LogEngine: Initializing Engine...
[2018.06.29-11.19.47:187][  0]LogHMD: Failed to initialize OpenVR with code 110
[2018.06.29-11.19.47:191][  0]LogStats: UGameplayTagsManager::ConstructGameplayTagTree: Construct from data asset -  0.000 s
[2018.06.29-11.19.47:191][  0]LogStats: UGameplayTagsManager::ConstructGameplayTagTree: GameplayTagTreeChangedEvent.Broadcast -  0.000 s
[2018.06.29-11.19.47:677][  0]LogAIModule: Creating AISystem for world Untitled
[2018.06.29-11.19.47:702][  0]LogInit: XAudio2 using 'Altavoces (Realtek High Definition Audio)' : 2 channels at 48 kHz using 32 bits per sample (channel mask 0x3)
[2018.06.29-11.19.47:890][  0]LogInit: FAudioDevice initialized.
[2018.06.29-11.19.48:100][  0]LogDerivedDataCache: Saved boot cache 0.21s 74MB C:/Users/Jan Torrent/AppData/Local/UnrealEngine/4.19/DerivedDataCache/Boot.ddc.
[2018.06.29-11.19.48:152][  0]LogInit: Texture streaming: Enabled
[2018.06.29-11.19.48:211][  0]LogEngineSessionManager: EngineSessionManager initialized
[2018.06.29-11.19.48:251][  0]LogInit: Transaction tracking system initialized
[2018.06.29-11.19.48:304][  0]BlueprintLog: New page: Editor Load
[2018.06.29-11.19.48:414][  0]LocalizationService: Localization service is disabled
[2018.06.29-11.19.49:018][  0]LogConsoleResponse: Display: 
[2018.06.29-11.19.49:322][  0]LogCook: Display: Max memory allowance for cook 16384mb min free memory 0mb
[2018.06.29-11.19.49:322][  0]LogCook: Display: Mobile HDR setting 1
[2018.06.29-11.19.49:322][  0]LogGameplayTags: Display: UGameplayTagsManager::DoneAddingNativeTags. DelegateIsBound: 0
[2018.06.29-11.19.49:322][  0]LogStats: UGameplayTagsManager::ConstructGameplayTagTree: Construct from data asset -  0.000 s
[2018.06.29-11.19.49:322][  0]LogStats: UGameplayTagsManager::ConstructGameplayTagTree: GameplayTagTreeChangedEvent.Broadcast -  0.000 s
[2018.06.29-11.19.49:434][  0]LogFileCache: Scanning file cache for directory 'C:/Users/Jan Torrent/Desktop/Github/JanXUnreal/GranProyectodeNOreal/Content/' took 0.02s
[2018.06.29-11.19.49:782][  0]SourceControl: Source control is disabled
[2018.06.29-11.19.49:782][  0]Cmd: MAP LOAD FILE="../../../../../../Users/Jan Torrent/Desktop/Github/JanXUnreal/GranProyectodeNOreal/Content/StarterContent/Maps/Minimal_Default.umap" TEMPLATE=0 SHOWPROGRESS=1 FEATURELEVEL=3
[2018.06.29-11.19.49:783][  0]LightingResults: New page: Lighting Build
[2018.06.29-11.19.49:786][  0]MapCheck: New page: Map Check
[2018.06.29-11.19.49:786][  0]LightingResults: New page: Lighting Build
[2018.06.29-11.19.50:536][  0]LogAIModule: Creating AISystem for world Minimal_Default
[2018.06.29-11.19.50:568][  0]LogEditorServer: Finished looking for orphan Actors (0.000 secs)
[2018.06.29-11.19.50:610][  0]Cmd: MAP CHECKDEP NOCLEARLOG
[2018.06.29-11.19.50:679][  0]MapCheck: Map check complete: 0 Error(s), 0 Warning(s), took 68.688ms to complete.
[2018.06.29-11.19.50:679][  0]LogFileHelpers: Loading map 'Minimal_Default' took 0.897
[2018.06.29-11.19.50:793][  0]LogCollectionManager: Loaded 0 collections in 0.003433 seconds
[2018.06.29-11.19.50:842][  0]LogFileCache: Scanning file cache for directory 'C:/Users/Jan Torrent/Desktop/Github/JanXUnreal/GranProyectodeNOreal/Saved/Collections/' took 0.01s
[2018.06.29-11.19.50:842][  0]LogFileCache: Scanning file cache for directory 'C:/Users/Jan Torrent/Desktop/Github/JanXUnreal/GranProyectodeNOreal/Content/Developers/JanTorrent/Collections/' took 0.01s
[2018.06.29-11.19.50:842][  0]LogFileCache: Scanning file cache for directory 'C:/Users/Jan Torrent/Desktop/Github/JanXUnreal/GranProyectodeNOreal/Content/Collections/' took 0.01s
[2018.06.29-11.19.50:842][  0]LogCollectionManager: Rebuilt the GUID cache for 0 collections in 0.000000 seconds
[2018.06.29-11.19.50:859][  0]LogContentBrowser: Native class hierarchy populated in 0.0164 seconds. Added 2452 classes and 558 folders.
[2018.06.29-11.19.50:871][  0]LogContentBrowser: Native class hierarchy updated for 'WidgetCarousel' in 0.0003 seconds. Added 0 classes and 0 folders.
[2018.06.29-11.19.51:917][  0]LogContentBrowser: Native class hierarchy updated for 'AddContentDialog' in 0.0007 seconds. Added 0 classes and 0 folders.
[2018.06.29-11.19.52:212][  0]LogContentBrowser: Native class hierarchy updated for 'SceneOutliner' in 0.0006 seconds. Added 1 classes and 2 folders.
[2018.06.29-11.19.54:002][  0]LogSlate: Only BGRA pngs, bmps or icos are supported in by External Image Picker
[2018.06.29-11.19.54:064][  0]LogContentBrowser: Native class hierarchy updated for 'HierarchicalLODOutliner' in 0.0004 seconds. Added 0 classes and 0 folders.
[2018.06.29-11.19.54:065][  0]LogLoad: (Engine Initialization) Total time: 20.84 seconds
[2018.06.29-11.19.54:065][  0]LogLoad: (Engine Initialization) Total Blueprint compile time: 0.00 seconds
[2018.06.29-11.19.54:083][  0]LogWindowsTextInputMethodSystem: Display: IME system now deactivated.
[2018.06.29-11.19.54:139][  0]LogTemp: Executing iPhonePackager certificates Engine -bundlename com.YourCompany.GranProyectodeNOreal
[2018.06.29-11.19.54:139][  0]LogTemp: CWD: C:\Program Files\Epic Games\UE_4.19\Engine\Binaries\DotNET\IOS
[2018.06.29-11.19.54:139][  0]LogTemp: Initial Dir: C:\Program Files\Epic Games\UE_4.19
[2018.06.29-11.19.54:141][  0]LogTemp: Env CWD: C:\Program Files\Epic Games\UE_4.19\Engine\Binaries\DotNET\IOS
[2018.06.29-11.19.54:144][  0]LogTemp: BranchPath = DESKTOP-19O1GSB/C/Program Files/Epic Games/UE_4.19/Engine/Binaries --- GameBranchPath = DESKTOP-19O1GSB/C/Program Files/Epic Games/UE_4.19/Engine/Binaries
[2018.06.29-11.19.54:161][  0]LogTemp: IPP ERROR: Could not find provision directory 'C:\Users\Jan Torrent\AppData\Local/Apple Computer/MobileDevice/Provisioning Profiles/'.
[2018.06.29-11.19.54:254][  0]LogContentStreaming: Texture pool size now 600 MB
[2018.06.29-11.19.54:259][  0]LogSlate: Took 0.000724 seconds to synchronously load lazily loaded font '../../../Engine/Content/Slate/Fonts/Roboto-Regular.ttf' (155K)
[2018.06.29-11.19.54:269][  0]LogSlate: Took 0.000381 seconds to synchronously load lazily loaded font '../../../Engine/Content/Slate/Fonts/Roboto-Bold.ttf' (160K)
[2018.06.29-11.19.54:366][  0]LogRenderer: Reallocating scene render targets to support 64x64 Format 9 NumSamples 1 (Frame:1).
[2018.06.29-11.19.54:533][  1]LogRenderer: Reallocating scene render targets to support 516x588 Format 9 NumSamples 1 (Frame:1).
[2018.06.29-11.19.54:801][  3]LogAssetRegistry: Asset discovery search completed in 13.6576 seconds
[2018.06.29-11.19.54:803][  3]LogCollectionManager: Rebuilt the object cache for 0 collections in 0.000000 seconds (found 0 objects)
[2018.06.29-11.19.54:803][  3]LogCollectionManager: Fixed up redirectors for 0 collections in 0.000068 seconds (updated 0 objects)
[2018.06.29-11.19.55:166][ 16]LogSlate: Took 0.000347 seconds to synchronously load lazily loaded font '../../../Engine/Content/Slate/Fonts/Roboto-Light.ttf' (167K)
[2018.06.29-11.19.57:445][132]LogSlate: FSceneViewport::OnFocusLost() reason 0
[2018.06.29-11.19.57:476][132]LogSlate: Took 0.027888 seconds to synchronously load lazily loaded font '../../../Engine/Content/Editor/Slate/Fonts/FontAwesome.ttf' (139K)
[2018.06.29-11.19.57:496][132]LogSlate: Took 0.000204 seconds to synchronously load lazily loaded font '../../../Engine/Content/Slate/Fonts/Roboto-Light.ttf' (167K)
[2018.06.29-11.19.57:599][135]LogRenderer: Reallocating scene render targets to support 776x884 Format 9 NumSamples 1 (Frame:76).
[2018.06.29-11.20.04:010][498]LogMaterial: Missing cached shader map for material LandscapeMat, compiling. 
[2018.06.29-11.20.04:415][498]LogMaterial: Missing cached shader map for material LandscapeMat, compiling. 
[2018.06.29-11.20.04:424][498]LogShaderCompilers: Display: Shaders left to compile 16
[2018.06.29-11.20.04:424][498]LogShaderCompilers: Display: Shaders left to compile 15
[2018.06.29-11.20.04:424][498]LogShaderCompilers: Display: Shaders left to compile 14
[2018.06.29-11.20.04:426][498]LogMaterial: Missing cached shader map for material LandscapeMat, compiling. 
[2018.06.29-11.20.04:473][498]LogMaterial: Missing cached shader map for material FMatExpressionPreview MaterialExpressionTextureSample_0, compiling. 
[2018.06.29-11.20.04:479][498]LogMaterial: Missing cached shader map for material FMatExpressionPreview MaterialExpressionTextureSample_1, compiling. 
[2018.06.29-11.20.04:485][498]LogMaterial: Missing cached shader map for material FMatExpressionPreview MaterialExpressionTextureSample_2, compiling. 
[2018.06.29-11.20.04:491][498]LogMaterial: Missing cached shader map for material FMatExpressionPreview MaterialExpressionTextureSample_3, compiling. 
[2018.06.29-11.20.04:504][498]LogSlate: Took 0.000313 seconds to synchronously load lazily loaded font '../../../Engine/Content/Slate/Fonts/Roboto-BoldCondensed.ttf' (158K)
[2018.06.29-11.20.06:705][575]LogShaderCompilers: Display: Shaders left to compile 24
[2018.06.29-11.20.06:778][576]LogShaderCompilers: Display: Shaders left to compile 23
[2018.06.29-11.20.06:778][576]LogShaderCompilers: Display: Shaders left to compile 22
[2018.06.29-11.20.07:971][623]LogSlate: Took 0.000297 seconds to synchronously load lazily loaded font '../../../Engine/Content/Slate/Fonts/Roboto-Italic.ttf' (157K)
[2018.06.29-11.20.09:455][678]LogShaderCompilers: Display: Shaders left to compile 21
[2018.06.29-11.20.09:480][679]LogShaderCompilers: Display: Shaders left to compile 20
[2018.06.29-11.20.09:969][698]LogShaderCompilers: Display: Shaders left to compile 19
[2018.06.29-11.20.11:771][772]LogShaderCompilers: Display: Shaders left to compile 18
[2018.06.29-11.20.11:791][773]LogShaderCompilers: Display: Shaders left to compile 17
[2018.06.29-11.20.11:816][774]LogShaderCompilers: Display: Shaders left to compile 16
[2018.06.29-11.20.13:545][846]LogShaderCompilers: Display: Shaders left to compile 15
[2018.06.29-11.20.15:687][943]LogShaderCompilers: Display: Shaders left to compile 14
[2018.06.29-11.20.15:838][950]LogShaderCompilers: Display: Shaders left to compile 13
[2018.06.29-11.20.15:979][957]LogShaderCompilers: Display: Shaders left to compile 12
[2018.06.29-11.20.18:086][ 59]LogShaderCompilers: Display: Shaders left to compile 11
[2018.06.29-11.20.20:396][166]LogShaderCompilers: Display: Shaders left to compile 10
[2018.06.29-11.20.21:178][201]LogShaderCompilers: Display: Shaders left to compile 9
[2018.06.29-11.20.23:539][308]LogShaderCompilers: Display: Shaders left to compile 8
[2018.06.29-11.20.24:705][364]LogShaderCompilers: Display: Shaders left to compile 7
[2018.06.29-11.20.26:540][452]LogShaderCompilers: Display: Shaders left to compile 6
[2018.06.29-11.20.26:570][453]MaterialEditorStats: Base pass shader: 123 instructions
[2018.06.29-11.20.26:570][453]MaterialEditorStats: Base pass shader with Volumetric Lightmap: 196 instructions
[2018.06.29-11.20.26:570][453]MaterialEditorStats: Vertex shader: 38 instructions
[2018.06.29-11.20.26:570][453]MaterialEditorStats: Texture samplers: 6/16
[2018.06.29-11.20.26:571][453]MaterialEditorStats: User interpolators: 2/4 Scalars (1/4 Vectors) (TexCoords: 2, Custom: 0)
[2018.06.29-11.20.27:337][489]LogMaterial: Missing cached shader map for material LandscapeMat, compiling. 
[2018.06.29-11.20.27:357][489]LogMaterial: Missing cached shader map for material LandscapeMat, compiling. 
[2018.06.29-11.20.27:526][497]LogShaderCompilers: Display: Shaders left to compile 21
[2018.06.29-11.20.28:297][533]LogShaderCompilers: Display: Shaders left to compile 20
[2018.06.29-11.20.29:881][607]LogMaterial: Missing cached shader map for material LandscapeMat, compiling. 
[2018.06.29-11.20.30:111][616]LogShaderCompilers: Display: Shaders left to compile 19
[2018.06.29-11.20.30:158][618]LogShaderCompilers: Display: Shaders left to compile 18
[2018.06.29-11.20.31:879][698]LogShaderCompilers: Display: Shaders left to compile 17
[2018.06.29-11.20.33:560][774]LogShaderCompilers: Display: Shaders left to compile 16
[2018.06.29-11.20.34:229][805]LogShaderCompilers: Display: Shaders left to compile 15
[2018.06.29-11.20.34:989][840]LogShaderCompilers: Display: Shaders left to compile 14
[2018.06.29-11.20.37:706][966]LogShaderCompilers: Display: Shaders left to compile 13
[2018.06.29-11.20.37:921][976]LogShaderCompilers: Display: Shaders left to compile 12
[2018.06.29-11.20.39:326][ 41]LogShaderCompilers: Display: Shaders left to compile 11
[2018.06.29-11.20.40:654][100]LogShaderCompilers: Display: Shaders left to compile 10
[2018.06.29-11.20.40:843][109]LogShaderCompilers: Display: Shaders left to compile 9
[2018.06.29-11.20.41:787][152]LogShaderCompilers: Display: Shaders left to compile 8
[2018.06.29-11.20.43:027][207]LogShaderCompilers: Display: Shaders left to compile 7
[2018.06.29-11.20.45:086][296]LogShaderCompilers: Display: Shaders left to compile 6
[2018.06.29-11.20.45:194][300]LogShaderCompilers: Display: Shaders left to compile 5
[2018.06.29-11.20.46:260][344]LogShaderCompilers: Display: Shaders left to compile 4
[2018.06.29-11.20.48:493][431]LogShaderCompilers: Display: Shaders left to compile 3
[2018.06.29-11.20.48:779][442]LogShaderCompilers: Display: Shaders left to compile 2
[2018.06.29-11.20.50:063][494]LogShaderCompilers: Display: Shaders left to compile 1
[2018.06.29-11.20.55:134][703]MaterialEditorStats: Base pass shader: 126 instructions
[2018.06.29-11.20.55:134][703]MaterialEditorStats: Base pass shader with Volumetric Lightmap: 199 instructions
[2018.06.29-11.20.55:134][703]MaterialEditorStats: Vertex shader: 38 instructions
[2018.06.29-11.20.55:134][703]MaterialEditorStats: Texture samplers: 6/16
[2018.06.29-11.20.55:134][703]MaterialEditorStats: User interpolators: 2/4 Scalars (1/4 Vectors) (TexCoords: 2, Custom: 0)
[2018.06.29-11.21.00:320][920]LogSlate: FSceneViewport::OnFocusLost() reason 0
[2018.06.29-11.21.16:105][677]LogMaterial: Missing cached shader map for material LandscapeMat, compiling. 
[2018.06.29-11.21.16:133][678]LogShaderCompilers: Display: Shaders left to compile 16
[2018.06.29-11.21.16:133][678]LogShaderCompilers: Display: Shaders left to compile 15
[2018.06.29-11.21.16:133][678]LogShaderCompilers: Display: Shaders left to compile 14
[2018.06.29-11.21.19:493][811]LogShaderCompilers: Display: Shaders left to compile 13
[2018.06.29-11.21.20:589][853]LogShaderCompilers: Display: Shaders left to compile 12
[2018.06.29-11.21.21:329][879]LogShaderCompilers: Display: Shaders left to compile 11
[2018.06.29-11.21.22:018][904]LogShaderCompilers: Display: Shaders left to compile 10
[2018.06.29-11.21.22:721][932]LogShaderCompilers: Display: Shaders left to compile 9
[2018.06.29-11.21.22:925][940]LogShaderCompilers: Display: Shaders left to compile 8
[2018.06.29-11.21.23:531][963]LogMaterial: Missing cached shader map for material LandscapeMat, compiling. 
[2018.06.29-11.21.23:545][963]LogShaderCompilers: Display: Shaders left to compile 16
[2018.06.29-11.21.23:550][963]LogMaterial: Missing cached shader map for material LandscapeMat, compiling. 
[2018.06.29-11.21.25:949][ 55]LogShaderCompilers: Display: Shaders left to compile 16
[2018.06.29-11.21.26:094][ 62]LogShaderCompilers: Display: Shaders left to compile 15
[2018.06.29-11.21.26:094][ 62]LogShaderCompilers: Display: Shaders left to compile 14
[2018.06.29-11.21.28:721][169]LogShaderCompilers: Display: Shaders left to compile 13
[2018.06.29-11.21.28:872][175]LogShaderCompilers: Display: Shaders left to compile 12
[2018.06.29-11.21.28:949][178]LogShaderCompilers: Display: Shaders left to compile 11
[2018.06.29-11.21.29:580][203]LogMaterial: Missing cached shader map for material LandscapeMat, compiling. 
[2018.06.29-11.21.29:600][203]LogMaterial: Missing cached shader map for material LandscapeMat, compiling. 
[2018.06.29-11.21.30:361][231]LogMaterial: Missing cached shader map for material LandscapeMat, compiling. 
[2018.06.29-11.21.30:540][238]LogShaderCompilers: Display: Shaders left to compile 16
[2018.06.29-11.21.30:568][239]LogShaderCompilers: Display: Shaders left to compile 15
[2018.06.29-11.21.30:855][251]LogShaderCompilers: Display: Shaders left to compile 14
[2018.06.29-11.21.33:109][336]LogShaderCompilers: Display: Shaders left to compile 13
[2018.06.29-11.21.33:276][341]LogShaderCompilers: Display: Shaders left to compile 12
[2018.06.29-11.21.33:533][352]LogShaderCompilers: Display: Shaders left to compile 11
[2018.06.29-11.21.34:688][399]LogShaderCompilers: Display: Shaders left to compile 10
[2018.06.29-11.21.34:710][400]LogShaderCompilers: Display: Shaders left to compile 9
[2018.06.29-11.21.34:737][401]LogShaderCompilers: Display: Shaders left to compile 8
[2018.06.29-11.21.36:112][457]LogShaderCompilers: Display: Shaders left to compile 7
[2018.06.29-11.21.37:741][525]LogShaderCompilers: Display: Shaders left to compile 6
[2018.06.29-11.21.37:855][529]LogMaterial: Missing cached shader map for material LandscapeMat, compiling. 
[2018.06.29-11.21.37:909][531]LogShaderCompilers: Display: Shaders left to compile 16
[2018.06.29-11.21.38:075][537]LogShaderCompilers: Display: Shaders left to compile 15
[2018.06.29-11.21.40:941][648]LogShaderCompilers: Display: Shaders left to compile 14
[2018.06.29-11.21.40:965][648]LogShaderCompilers: Display: Shaders left to compile 13
[2018.06.29-11.21.41:739][683]LogShaderCompilers: Display: Shaders left to compile 12
[2018.06.29-11.21.41:920][690]LogMaterial: Missing cached shader map for material LandscapeMat, compiling. 
[2018.06.29-11.21.42:531][714]LogShaderCompilers: Display: Shaders left to compile 16
[2018.06.29-11.21.43:202][740]LogShaderCompilers: Display: Shaders left to compile 15
[2018.06.29-11.21.43:590][755]LogShaderCompilers: Display: Shaders left to compile 14
[2018.06.29-11.21.45:322][822]LogShaderCompilers: Display: Shaders left to compile 13
[2018.06.29-11.21.45:972][847]LogShaderCompilers: Display: Shaders left to compile 12
[2018.06.29-11.21.46:234][857]LogShaderCompilers: Display: Shaders left to compile 11
[2018.06.29-11.21.46:818][880]LogShaderCompilers: Display: Shaders left to compile 10
[2018.06.29-11.21.48:079][926]LogShaderCompilers: Display: Shaders left to compile 9
[2018.06.29-11.21.48:242][932]LogShaderCompilers: Display: Shaders left to compile 8
[2018.06.29-11.21.48:952][958]LogShaderCompilers: Display: Shaders left to compile 7
[2018.06.29-11.21.51:714][ 57]LogShaderCompilers: Display: Shaders left to compile 6
[2018.06.29-11.21.52:407][ 82]LogShaderCompilers: Display: Shaders left to compile 5
[2018.06.29-11.21.52:491][ 85]LogShaderCompilers: Display: Shaders left to compile 4
[2018.06.29-11.21.55:173][180]LogShaderCompilers: Display: Shaders left to compile 3
[2018.06.29-11.21.56:438][226]LogShaderCompilers: Display: Shaders left to compile 2
[2018.06.29-11.21.57:435][261]LogShaderCompilers: Display: Shaders left to compile 1
[2018.06.29-11.21.59:636][341]MaterialEditorStats: Base pass shader: 130 instructions
[2018.06.29-11.21.59:636][341]MaterialEditorStats: Base pass shader with Volumetric Lightmap: 203 instructions
[2018.06.29-11.21.59:637][341]MaterialEditorStats: Vertex shader: 38 instructions
[2018.06.29-11.21.59:637][341]MaterialEditorStats: Texture samplers: 6/16
[2018.06.29-11.21.59:637][341]MaterialEditorStats: User interpolators: 2/4 Scalars (1/4 Vectors) (TexCoords: 2, Custom: 0)
[2018.06.29-11.22.18:951][325]LogMaterialEditor: Saving and Compiling material LandscapeMat
[2018.06.29-11.22.19:865][325]LogMaterial: Missing cached shader map for material LandscapeMat, compiling. 
[2018.06.29-11.22.19:912][325]LogShaderCompilers: Display: Shaders left to compile 16
[2018.06.29-11.22.19:912][325]LogShaderCompilers: Display: Shaders left to compile 15
[2018.06.29-11.22.19:912][325]LogShaderCompilers: Display: Shaders left to compile 14
[2018.06.29-11.22.19:959][325]LogMaterial: Missing cached shader map for material LandscapeMat, compiling. 
[2018.06.29-11.22.20:011][325]LogMaterial: Missing cached shader map for material LandscapeMat, compiling. 
[2018.06.29-11.22.20:066][325]LogMaterial: Missing cached shader map for material FDebugViewModeMaterialProxy LandscapeMat, compiling. 
[2018.06.29-11.22.23:009][325]LogShaderCompilers: Display: Shaders left to compile 36
[2018.06.29-11.22.23:009][325]LogShaderCompilers: Display: Shaders left to compile 35
[2018.06.29-11.22.23:009][325]LogShaderCompilers: Display: Shaders left to compile 34
[2018.06.29-11.22.23:009][325]LogShaderCompilers: Display: Shaders left to compile 33
[2018.06.29-11.22.23:009][325]LogShaderCompilers: Display: Shaders left to compile 32
[2018.06.29-11.22.23:009][325]LogShaderCompilers: Display: Shaders left to compile 31
[2018.06.29-11.22.23:009][325]LogShaderCompilers: Display: Shaders left to compile 30
[2018.06.29-11.22.23:009][325]LogShaderCompilers: Display: Shaders left to compile 29
[2018.06.29-11.22.23:009][325]LogShaderCompilers: Display: Shaders left to compile 28
[2018.06.29-11.22.23:009][325]LogShaderCompilers: Display: Shaders left to compile 27
[2018.06.29-11.22.23:009][325]LogShaderCompilers: Display: Shaders left to compile 26
[2018.06.29-11.22.23:009][325]LogShaderCompilers: Display: Shaders left to compile 25
[2018.06.29-11.22.23:009][325]LogShaderCompilers: Display: Shaders left to compile 24
[2018.06.29-11.22.23:009][325]LogShaderCompilers: Display: Shaders left to compile 23
[2018.06.29-11.22.23:009][325]LogShaderCompilers: Display: Shaders left to compile 22
[2018.06.29-11.22.23:009][325]LogShaderCompilers: Display: Shaders left to compile 12
[2018.06.29-11.22.23:009][325]LogShaderCompilers: Display: Shaders left to compile 2
[2018.06.29-11.22.23:012][325]TextureStreamingBuild: Display: Compiling optional shaders took 2.959 seconds.
[2018.06.29-11.22.26:366][325]Cmd: OBJ SAVEPACKAGE PACKAGE="/Game/Materials/LandscapeMat" FILE="../../../../../../Users/Jan Torrent/Desktop/Github/JanXUnreal/GranProyectodeNOreal/Content/Materials/LandscapeMat.uasset" SILENT=true
[2018.06.29-11.22.26:446][325]LogSavePackage: Save=66.82ms
[2018.06.29-11.22.26:446][325]LogSavePackage: Moving '../../../../../../Users/Jan Torrent/Desktop/Github/JanXUnreal/GranProyectodeNOreal/Saved/LandscapeMat0C70F8E7433F8E62766E5BB3D8F2CEC4.tmp' to '../../../../../../Users/Jan Torrent/Desktop/Github/JanXUnreal/GranProyectodeNOreal/Content/Materials/LandscapeMat.uasset'
[2018.06.29-11.22.26:452][325]LogSavePackage: Display: Finished SavePackage ../../../../../../Users/Jan Torrent/Desktop/Github/JanXUnreal/GranProyectodeNOreal/Content/Materials/LandscapeMat.uasset
[2018.06.29-11.22.26:464][325]MaterialEditorStats: Base pass shader: 130 instructions
[2018.06.29-11.22.26:464][325]MaterialEditorStats: Base pass shader with Volumetric Lightmap: 203 instructions
[2018.06.29-11.22.26:464][325]MaterialEditorStats: Vertex shader: 38 instructions
[2018.06.29-11.22.26:465][325]MaterialEditorStats: Texture samplers: 7/16
[2018.06.29-11.22.26:465][325]MaterialEditorStats: User interpolators: 2/4 Scalars (1/4 Vectors) (TexCoords: 2, Custom: 0)
[2018.06.29-11.22.34:044][715]LogUObjectGlobals: Created PersistentFrame Addr=0x0000022e4b7a2680, Size=384, Default__Character_3p_C Function /Game/Pawn/Character_3p.Character_3p_C:ExecuteUbergraph_Character_3p
[2018.06.29-11.22.34:053][715]LogUObjectGlobals: Destroyed PersistentFrame Addr=0x0000022e4b7a2680, Size=384
[2018.06.29-11.22.34:053][715]LogUObjectGlobals: Created PersistentFrame Addr=0x0000022e6d131780, Size=384, Default__Character_3p_C Function /Engine/Transient.REINST_Character_3p_C_5:ExecuteUbergraph_Character_3p
[2018.06.29-11.22.34:059][715]LogUObjectGlobals: Created PersistentFrame Addr=0x0000022e6d118400, Size=384, Default__Character_3p_C Function /Game/Pawn/Character_3p.Character_3p_C:ExecuteUbergraph_Character_3p
[2018.06.29-11.22.34:121][715]LogMaterial: Missing cached shader map for material LandscapeMat, compiling. 
[2018.06.29-11.22.34:199][715]LogShaderCompilers: Display: Shaders left to compile 42
[2018.06.29-11.22.34:199][715]LogShaderCompilers: Display: Shaders left to compile 32
[2018.06.29-11.22.34:199][715]LogShaderCompilers: Display: Shaders left to compile 22
[2018.06.29-11.22.34:266][715]LogAIModule: Creating AISystem for world Landscape_Lvl
[2018.06.29-11.22.34:330][715]LogUObjectGlobals: Destroyed PersistentFrame Addr=0x0000022e6d131780, Size=384
[2018.06.29-11.22.34:333][715]Cmd: MAP LOAD FILE="../../../../../../Users/Jan Torrent/Desktop/Github/JanXUnreal/GranProyectodeNOreal/Content/Levels/Landscape_Lvl.umap" TEMPLATE=0 SHOWPROGRESS=1 FEATURELEVEL=3
[2018.06.29-11.22.34:333][715]LightingResults: New page: Lighting Build
[2018.06.29-11.22.34:335][715]LoadErrors: New page: Loading map: Landscape_Lvl.umap
[2018.06.29-11.22.34:336][715]MapCheck: New page: Map Check
[2018.06.29-11.22.34:336][715]LightingResults: New page: Lighting Build
[2018.06.29-11.22.35:544][715]LogEditorServer: Finished looking for orphan Actors (0.000 secs)
[2018.06.29-11.22.35:634][715]Cmd: MAP CHECKDEP NOCLEARLOG
[2018.06.29-11.22.35:761][715]MapCheck: Map check complete: 0 Error(s), 0 Warning(s), took 126.936ms to complete.
[2018.06.29-11.22.35:761][715]LogFileHelpers: Loading map 'Landscape_Lvl' took 1.429
[2018.06.29-11.22.47:934][244]LogShaderCompilers: Display: Shaders left to compile 12
[2018.06.29-11.22.48:573][262]LogShaderCompilers: Display: Shaders left to compile 2
[2018.06.29-11.23.15:867][376]LogSlate: FSceneViewport::OnFocusLost() reason 0
[2018.06.29-11.23.16:612][402]Cmd: DELETE
[2018.06.29-11.23.16:613][402]Cmd: ACTOR DELETE
[2018.06.29-11.23.16:634][402]LogEditorActor: Deleted Actor: PostProcessVolume
[2018.06.29-11.23.16:680][402]LogEditorActor: Deleted 1 Actors (0.067 secs)
[2018.06.29-11.23.22:113][661]LogSlate: FSceneViewport::OnFocusLost() reason 0
[2018.06.29-11.23.23:908][748]Cmd: DELETE
[2018.06.29-11.23.23:908][748]Cmd: ACTOR DELETE
[2018.06.29-11.23.23:923][748]LogEditorActor: Deleted Actor: ExponentialHeightFog
[2018.06.29-11.23.23:948][748]LogEditorActor: Deleted 1 Actors (0.040 secs)
[2018.06.29-11.23.59:276][262]Cmd: SELECT NONE
[2018.06.29-11.24.07:868][620]LogSlate: FSceneViewport::OnFocusLost() reason 2
[2018.06.29-11.24.09:290][692]LogTemp: Repeating last play command: Selected Viewport
[2018.06.29-11.24.09:325][692]LogPlayLevel: PlayLevel: No blueprints needed recompiling
[2018.06.29-11.24.09:325][692]PIE: New page: PIE session: Landscape_Lvl (Jun 29, 2018, 3:24:09 PM)
[2018.06.29-11.24.09:325][692]LogPlayLevel: Creating play world package: /Game/Levels/UEDPIE_0_Landscape_Lvl
[2018.06.29-11.24.09:344][692]LogPlayLevel: PIE: StaticDuplicateObject took: (0.018358s)
[2018.06.29-11.24.09:344][692]LogAIModule: Creating AISystem for world Landscape_Lvl
[2018.06.29-11.24.09:345][692]LogPlayLevel: PIE: World Init took: (0.000996s)
[2018.06.29-11.24.09:345][692]LogPlayLevel: PIE: Created PIE world by copying editor world from /Game/Levels/Landscape_Lvl.Landscape_Lvl to /Game/Levels/UEDPIE_0_Landscape_Lvl.Landscape_Lvl (0.019551s)
[2018.06.29-11.24.09:363][692]LogInit: XAudio2 using 'Altavoces (Realtek High Definition Audio)' : 2 channels at 48 kHz using 32 bits per sample (channel mask 0x3)
[2018.06.29-11.24.09:378][692]LogInit: FAudioDevice initialized.
[2018.06.29-11.24.09:378][692]LogSlate: FSceneViewport::OnFocusLost() reason 2
[2018.06.29-11.24.09:424][692]LogLoad: Game class is 'GameMode3p_Bp_C'
[2018.06.29-11.24.09:436][692]LogWorld: Bringing World /Game/Levels/UEDPIE_0_Landscape_Lvl.Landscape_Lvl up for play (max tick rate 60) at 2018.06.29-13.24.09
[2018.06.29-11.24.09:437][692]LogWorld: Bringing up level for play took: 0.008651
[2018.06.29-11.24.09:453][692]LogContentBrowser: Native class hierarchy updated for 'MovieSceneCapture' in 0.0008 seconds. Added 11 classes and 0 folders.
[2018.06.29-11.24.09:459][692]PIE: Play in editor start time for /Game/Levels/UEDPIE_0_Landscape_Lvl -0.013
[2018.06.29-11.25.04:913][439]LogSlate: FSceneViewport::OnFocusLost() reason 0
[2018.06.29-11.26.07:254][338]LogSlate: FSceneViewport::OnFocusLost() reason 2
[2018.06.29-11.26.07:827][338]LogSavePackage: Save=466.19ms
[2018.06.29-11.26.07:827][338]LogSavePackage: Moving '../../../../../../Users/Jan Torrent/Desktop/Github/JanXUnreal/GranProyectodeNOreal/Saved/Landscape_Lvl5FAF623A4B6EE3A9AEAA679E723D061B.tmp' to '../../../../../../Users/Jan Torrent/Desktop/Github/JanXUnreal/GranProyectodeNOreal/Content/Levels/Landscape_Lvl.umap'
[2018.06.29-11.26.07:838][338]LogSavePackage: Display: Finished SavePackage ../../../../../../Users/Jan Torrent/Desktop/Github/JanXUnreal/GranProyectodeNOreal/Content/Levels/Landscape_Lvl.umap
[2018.06.29-11.26.08:134][341]LogSlate: FSceneViewport::OnFocusLost() reason 2
[2018.06.29-11.26.08:700][341]LogSavePackage: Save=439.93ms
[2018.06.29-11.26.08:700][341]LogSavePackage: Moving '../../../../../../Users/Jan Torrent/Desktop/Github/JanXUnreal/GranProyectodeNOreal/Saved/Landscape_Lvl6A3BF2F54DBEC2640A4948815CA9B214.tmp' to '../../../../../../Users/Jan Torrent/Desktop/Github/JanXUnreal/GranProyectodeNOreal/Content/Levels/Landscape_Lvl.umap'
[2018.06.29-11.26.08:704][341]LogSavePackage: Display: Finished SavePackage ../../../../../../Users/Jan Torrent/Desktop/Github/JanXUnreal/GranProyectodeNOreal/Content/Levels/Landscape_Lvl.umap
[2018.06.29-11.26.08:815][342]LogSlate: FSceneViewport::OnFocusLost() reason 2
[2018.06.29-11.26.09:233][342]LogSavePackage: Save=346.15ms
[2018.06.29-11.26.09:233][342]LogSavePackage: Moving '../../../../../../Users/Jan Torrent/Desktop/Github/JanXUnreal/GranProyectodeNOreal/Saved/Landscape_Lvl6E7DB93C43C518E5AFAD27A833A84F11.tmp' to '../../../../../../Users/Jan Torrent/Desktop/Github/JanXUnreal/GranProyectodeNOreal/Content/Levels/Landscape_Lvl.umap'
[2018.06.29-11.26.09:236][342]LogSavePackage: Display: Finished SavePackage ../../../../../../Users/Jan Torrent/Desktop/Github/JanXUnreal/GranProyectodeNOreal/Content/Levels/Landscape_Lvl.umap
[2018.06.29-11.26.11:127][413]LogSlate: FSceneViewport::OnFocusLost() reason 0
[2018.06.29-11.26.11:420][420]LogSlate: Window 'LandscapeMat' being destroyed
[2018.06.29-11.26.11:528][420]LogSlate: Window 'GranProyectodeNOreal - Unreal Editor' being destroyed
[2018.06.29-11.26.11:529][420]LogWindowsTextInputMethodSystem: Display: IME system now deactivated.
[2018.06.29-11.26.11:921][421]Cmd: QUIT_EDITOR
[2018.06.29-11.26.12:667][421]LogSlate: Slate User Destroyed.  User Index 0, Is Virtual User: 0
[2018.06.29-11.26.12:667][421]LogExit: Preparing to exit.
[2018.06.29-11.26.13:671][421]LogDirectoryWatcher: A directory notification for 'C:/Users/Jan Torrent/Desktop/Github/JanXUnreal/GranProyectodeNOreal/Content/' was aborted.
[2018.06.29-11.26.14:249][421]LogExit: Editor shut down
[2018.06.29-11.26.14:277][421]LogExit: Transaction tracking system shut down
[2018.06.29-11.26.14:307][421]LogUObjectGlobals: Destroyed PersistentFrame Addr=0x0000022e6d118400, Size=384
[2018.06.29-11.26.14:487][421]LogDirectoryWatcher: A directory notification for '../../../Engine/Content/' was aborted.
[2018.06.29-11.26.14:487][421]LogDirectoryWatcher: A directory notification for '../../../../../../Users/Jan Torrent/Desktop/Github/JanXUnreal/GranProyectodeNOreal/Content/' was aborted.
[2018.06.29-11.26.14:487][421]LogDirectoryWatcher: A directory notification for '../../Plugins/2D/Paper2D/Content/' was aborted.
[2018.06.29-11.26.14:488][421]LogDirectoryWatcher: A directory notification for '../../Plugins/Enterprise/DatasmithContent/Content/' was aborted.
[2018.06.29-11.26.14:488][421]LogDirectoryWatcher: A directory notification for '../../Plugins/Media/MediaCompositing/Content/' was aborted.
[2018.06.29-11.26.14:488][421]LogDirectoryWatcher: A directory notification for '../../Plugins/Runtime/AppleARKit/Content/' was aborted.
[2018.06.29-11.26.14:488][421]LogDirectoryWatcher: A directory notification for '../../Plugins/Runtime/Oculus/OculusVR/Content/' was aborted.
[2018.06.29-11.26.14:488][421]LogDirectoryWatcher: A directory notification for '../../Plugins/Runtime/Steam/SteamVR/Content/' was aborted.
[2018.06.29-11.26.14:600][421]LogExit: Object subsystem successfully closed.
[2018.06.29-11.26.14:613][421]LogShaderCompilers: Display: Shaders left to compile 0
[2018.06.29-11.26.14:614][421]LogD3D11RHI: Shutdown
[2018.06.29-11.26.14:614][421]LogD3D11RHI: CleanupD3DDevice
[2018.06.29-11.26.14:616][421]LogD3D11RHI: ~FD3D11DynamicRHI
[2018.06.29-11.26.14:645][421]LogModuleManager: Shutting down and abandoning module MovieSceneCapture (578)
[2018.06.29-11.26.14:645][421]LogModuleManager: Shutting down and abandoning module HierarchicalLODOutliner (576)
[2018.06.29-11.26.14:645][421]LogModuleManager: Shutting down and abandoning module ExternalImagePicker (574)
[2018.06.29-11.26.14:645][421]LogModuleManager: Shutting down and abandoning module SceneOutliner (572)
[2018.06.29-11.26.14:645][421]LogModuleManager: Shutting down and abandoning module AddContentDialog (570)
[2018.06.29-11.26.14:645][421]LogDirectoryWatcher: A directory notification for 'C:/Program Files/Epic Games/UE_4.19/FeaturePacks/' was aborted.
[2018.06.29-11.26.14:646][421]LogModuleManager: Shutting down and abandoning module WidgetCarousel (569)
[2018.06.29-11.26.14:646][421]LogModuleManager: Shutting down and abandoning module EditorWidgets (566)
[2018.06.29-11.26.14:646][421]LogModuleManager: Shutting down and abandoning module CollectionManager (564)
[2018.06.29-11.26.14:646][421]LogDirectoryWatcher: A directory notification for 'C:/Users/Jan Torrent/Desktop/Github/JanXUnreal/GranProyectodeNOreal/Content/Collections/' was aborted.
[2018.06.29-11.26.14:646][421]LogDirectoryWatcher: A directory notification for 'C:/Users/Jan Torrent/Desktop/Github/JanXUnreal/GranProyectodeNOreal/Content/Developers/JanTorrent/Collections/' was aborted.
[2018.06.29-11.26.14:647][421]LogDirectoryWatcher: A directory notification for 'C:/Users/Jan Torrent/Desktop/Github/JanXUnreal/GranProyectodeNOreal/Saved/Collections/' was aborted.
[2018.06.29-11.26.14:647][421]LogModuleManager: Shutting down and abandoning module StatsViewer (562)
[2018.06.29-11.26.14:647][421]LogModuleManager: Shutting down and abandoning module FoliageEdit (560)
[2018.06.29-11.26.14:647][421]LogModuleManager: Shutting down and abandoning module LandscapeEditor (558)
[2018.06.29-11.26.14:647][421]LogModuleManager: Shutting down and abandoning module MeshPaintMode (556)
[2018.06.29-11.26.14:647][421]LogModuleManager: Shutting down and abandoning module SceneDepthPickerMode (554)
[2018.06.29-11.26.14:647][421]LogModuleManager: Shutting down and abandoning module ActorPickerMode (552)
[2018.06.29-11.26.14:647][421]LogModuleManager: Shutting down and abandoning module GeometryMode (550)
[2018.06.29-11.26.14:647][421]LogModuleManager: Shutting down and abandoning module TextureAlignMode (548)
[2018.06.29-11.26.14:647][421]LogModuleManager: Shutting down and abandoning module BspMode (546)
[2018.06.29-11.26.14:647][421]LogModuleManager: Shutting down and abandoning module PIEPreviewDeviceProfileSelector (544)
[2018.06.29-11.26.14:647][421]LogModuleManager: Shutting down and abandoning module HardwareSurvey (542)
[2018.06.29-11.26.14:647][421]LogModuleManager: Shutting down and abandoning module SequenceRecorderSections (540)
[2018.06.29-11.26.14:647][421]LogModuleManager: Shutting down and abandoning module AutomationWorker (538)
[2018.06.29-11.26.14:647][421]LogModuleManager: Shutting down and abandoning module AudioCaptureEditor (536)
[2018.06.29-11.26.14:647][421]LogModuleManager: Shutting down and abandoning module SequenceRecorder (535)
[2018.06.29-11.26.14:647][421]LogModuleManager: Shutting down and abandoning module MatineeToLevelSequence (532)
[2018.06.29-11.26.14:647][421]LogModuleManager: Shutting down and abandoning module LevelSequenceEditor (530)
[2018.06.29-11.26.14:647][421]LogModuleManager: Shutting down and abandoning module PlacementMode (529)
[2018.06.29-11.26.14:647][421]LogModuleManager: Shutting down and abandoning module MaterialEditor (528)
[2018.06.29-11.26.14:647][421]LogModuleManager: Shutting down and abandoning module WmfMediaFactory (524)
[2018.06.29-11.26.14:647][421]LogModuleManager: Shutting down and abandoning module WmfMediaEditor (522)
[2018.06.29-11.26.14:647][421]LogModuleManager: Shutting down and abandoning module MediaPlayerEditor (520)
[2018.06.29-11.26.14:647][421]LogModuleManager: Shutting down and abandoning module OpenExrWrapper (518)
[2018.06.29-11.26.14:647][421]LogModuleManager: Shutting down and abandoning module ImgMediaFactory (516)
[2018.06.29-11.26.14:647][421]LogModuleManager: Shutting down and abandoning module ImgMediaEditor (514)
[2018.06.29-11.26.14:647][421]LogModuleManager: Shutting down and abandoning module AvfMediaFactory (512)
[2018.06.29-11.26.14:647][421]LogModuleManager: Shutting down and abandoning module AvfMediaEditor (510)
[2018.06.29-11.26.14:647][421]LogModuleManager: Shutting down and abandoning module AndroidMediaFactory (508)
[2018.06.29-11.26.14:648][421]LogModuleManager: Shutting down and abandoning module AndroidMediaEditor (506)
[2018.06.29-11.26.14:648][421]LogModuleManager: Shutting down and abandoning module CharacterAI (504)
[2018.06.29-11.26.14:648][421]LogModuleManager: Shutting down and abandoning module SmartSnapping (502)
[2018.06.29-11.26.14:648][421]LogModuleManager: Shutting down and abandoning module SessionServices (500)
[2018.06.29-11.26.14:648][421]LogModuleManager: Shutting down and abandoning module ViewportSnapping (498)
[2018.06.29-11.26.14:648][421]LogModuleManager: Shutting down and abandoning module ViewportInteraction (496)
[2018.06.29-11.26.14:648][421]LogModuleManager: Shutting down and abandoning module ClothPainter (494)
[2018.06.29-11.26.14:648][421]LogModuleManager: Shutting down and abandoning module SkeletalMeshEditor (493)
[2018.06.29-11.26.14:648][421]LogModuleManager: Shutting down and abandoning module LogVisualizer (490)
[2018.06.29-11.26.14:648][421]LogModuleManager: Shutting down and abandoning module IntroTutorials (488)
[2018.06.29-11.26.14:648][421]LogModuleManager: Shutting down and abandoning module GameProjectGeneration (487)
[2018.06.29-11.26.14:648][421]LogModuleManager: Shutting down and abandoning module IOSPlatformEditor (484)
[2018.06.29-11.26.14:648][421]LogModuleManager: Shutting down and abandoning module HTML5PlatformEditor (482)
[2018.06.29-11.26.14:648][421]LogModuleManager: Shutting down and abandoning module AndroidPlatformEditor (480)
[2018.06.29-11.26.14:648][421]LogModuleManager: Shutting down and abandoning module AndroidDeviceDetection (479)
[2018.06.29-11.26.14:776][421]LogModuleManager: Shutting down and abandoning module WindowsPlatformEditor (476)
[2018.06.29-11.26.14:776][421]LogModuleManager: Shutting down and abandoning module IOSRuntimeSettings (474)
[2018.06.29-11.26.14:776][421]LogModuleManager: Shutting down and abandoning module AndroidRuntimeSettings (472)
[2018.06.29-11.26.14:776][421]LogModuleManager: Shutting down and abandoning module InputBindingEditor (470)
[2018.06.29-11.26.14:776][421]LogModuleManager: Shutting down and abandoning module MergeActors (468)
[2018.06.29-11.26.14:776][421]LogModuleManager: Shutting down and abandoning module LocalizationDashboard (466)
[2018.06.29-11.26.14:776][421]LogModuleManager: Shutting down and abandoning module LocalizationService (465)
[2018.06.29-11.26.14:777][421]LogModuleManager: Shutting down and abandoning module HardwareTargeting (462)
[2018.06.29-11.26.14:777][421]LogModuleManager: Shutting down and abandoning module DeviceProfileEditor (460)
[2018.06.29-11.26.14:777][421]LogModuleManager: Shutting down and abandoning module UndoHistory (458)
[2018.06.29-11.26.14:777][421]LogModuleManager: Shutting down and abandoning module XmlParser (456)
[2018.06.29-11.26.14:777][421]LogModuleManager: Shutting down and abandoning module Blutility (454)
[2018.06.29-11.26.14:777][421]LogModuleManager: Shutting down and abandoning module ProjectSettingsViewer (452)
[2018.06.29-11.26.14:777][421]LogModuleManager: Shutting down and abandoning module ProjectTargetPlatformEditor (451)
[2018.06.29-11.26.14:777][421]LogModuleManager: Shutting down and abandoning module EditorSettingsViewer (448)
[2018.06.29-11.26.14:777][421]LogModuleManager: Shutting down and abandoning module SettingsEditor (446)
[2018.06.29-11.26.14:777][421]LogModuleManager: Shutting down and abandoning module ProjectLauncher (444)
[2018.06.29-11.26.14:777][421]LogModuleManager: Shutting down and abandoning module SessionFrontend (442)
[2018.06.29-11.26.14:777][421]LogModuleManager: Shutting down and abandoning module ProfilerClient (440)
[2018.06.29-11.26.14:777][421]LogModuleManager: Shutting down and abandoning module DeviceManager (438)
[2018.06.29-11.26.14:777][421]LogModuleManager: Shutting down and abandoning module TargetDeviceServices (437)
[2018.06.29-11.26.14:837][421]LogModuleManager: Shutting down and abandoning module AutomationController (434)
[2018.06.29-11.26.14:837][421]LogModuleManager: Shutting down and abandoning module AutomationWindow (432)
[2018.06.29-11.26.14:837][421]LogModuleManager: Shutting down and abandoning module Layers (430)
[2018.06.29-11.26.14:837][421]LogModuleManager: Shutting down and abandoning module ComponentVisualizers (428)
[2018.06.29-11.26.14:837][421]LogModuleManager: Shutting down and abandoning module DetailCustomizations (426)
[2018.06.29-11.26.14:838][421]LogModuleManager: Shutting down and abandoning module PackagesDialog (424)
[2018.06.29-11.26.14:838][421]LogModuleManager: Shutting down and abandoning module Persona (422)
[2018.06.29-11.26.14:838][421]LogModuleManager: Shutting down and abandoning module AdvancedPreviewScene (421)
[2018.06.29-11.26.14:838][421]LogModuleManager: Shutting down and abandoning module AnimGraph (419)
[2018.06.29-11.26.14:838][421]LogModuleManager: Shutting down and abandoning module Kismet (416)
[2018.06.29-11.26.14:839][421]LogModuleManager: Shutting down and abandoning module GraphEditor (414)
[2018.06.29-11.26.14:839][421]LogModuleManager: Shutting down and abandoning module ClassViewer (412)
[2018.06.29-11.26.14:839][421]LogModuleManager: Shutting down and abandoning module Toolbox (410)
[2018.06.29-11.26.14:839][421]LogModuleManager: Shutting down and abandoning module ModuleUI (408)
[2018.06.29-11.26.14:839][421]LogModuleManager: Shutting down and abandoning module MovieSceneTools (406)
[2018.06.29-11.26.14:839][421]LogModuleManager: Shutting down and abandoning module OutputLog (404)
[2018.06.29-11.26.14:839][421]LogModuleManager: Shutting down and abandoning module GammaUI (402)
[2018.06.29-11.26.14:840][421]LogModuleManager: Shutting down and abandoning module Documentation (400)
[2018.06.29-11.26.14:840][421]LogModuleManager: Shutting down and abandoning module MovieSceneTracks (398)
[2018.06.29-11.26.14:840][421]LogModuleManager: Shutting down and abandoning module MovieScene (396)
[2018.06.29-11.26.14:840][421]LogModuleManager: Shutting down and abandoning module StreamingPauseRendering (394)
[2018.06.29-11.26.14:840][421]LogModuleManager: Shutting down and abandoning module LauncherPlatform (392)
[2018.06.29-11.26.14:840][421]LogModuleManager: Shutting down and abandoning module AnalyticsET (390)
[2018.06.29-11.26.14:840][421]LogModuleManager: Shutting down and abandoning module PortalServices (388)
[2018.06.29-11.26.14:840][421]LogModuleManager: Shutting down and abandoning module PortalRpc (386)
[2018.06.29-11.26.14:841][421]LogModuleManager: Shutting down and abandoning module MessagingRpc (384)
[2018.06.29-11.26.14:841][421]LogModuleManager: Shutting down and abandoning module AIModule (382)
[2018.06.29-11.26.14:841][421]LogModuleManager: Shutting down and abandoning module GameplayDebugger (381)
[2018.06.29-11.26.14:841][421]LogModuleManager: Shutting down and abandoning module AITestSuite (379)
[2018.06.29-11.26.14:841][421]LogModuleManager: Shutting down and abandoning module DesktopPlatform (376)
[2018.06.29-11.26.14:842][421]LogModuleManager: Shutting down and abandoning module ProfilerService (374)
[2018.06.29-11.26.14:892][421]LogModuleManager: Shutting down and abandoning module TaskGraph (372)
[2018.06.29-11.26.14:892][421]LogModuleManager: Shutting down and abandoning module SteamVRController (370)
[2018.06.29-11.26.14:892][421]LogModuleManager: Shutting down and abandoning module ProceduralMeshComponentEditor (368)
[2018.06.29-11.26.14:892][421]LogModuleManager: Shutting down and abandoning module ProceduralMeshComponent (366)
[2018.06.29-11.26.14:892][421]LogModuleManager: Shutting down and abandoning module OculusInput (364)
[2018.06.29-11.26.14:894][421]LogModuleManager: Shutting down and abandoning module MobilePatchingUtils (362)
[2018.06.29-11.26.14:894][421]LogModuleManager: Shutting down and abandoning module CustomMeshComponent (360)
[2018.06.29-11.26.14:894][421]LogModuleManager: Shutting down and abandoning module CableComponent (358)
[2018.06.29-11.26.14:894][421]LogModuleManager: Shutting down and abandoning module AudioCapture (356)
[2018.06.29-11.26.14:894][421]LogModuleManager: Shutting down and abandoning module ArchVisCharacter (354)
[2018.06.29-11.26.14:894][421]LogModuleManager: Shutting down and abandoning module AndroidPermission (352)
[2018.06.29-11.26.14:894][421]LogModuleManager: Shutting down and abandoning module NUTUnrealEngine4 (348)
[2018.06.29-11.26.14:894][421]LogModuleManager: Shutting down and abandoning module NetcodeUnitTest (346)
[2018.06.29-11.26.14:894][421]LogModuleManager: Shutting down and abandoning module MediaCompositingEditor (344)
[2018.06.29-11.26.14:896][421]LogModuleManager: Shutting down and abandoning module MediaCompositing (342)
[2018.06.29-11.26.14:896][421]LogModuleManager: Shutting down and abandoning module LinearTimecode (340)
[2018.06.29-11.26.14:896][421]LogModuleManager: Shutting down and abandoning module ImgMedia (338)
[2018.06.29-11.26.14:931][421]LogModuleManager: Shutting down and abandoning module HTML5Networking (336)
[2018.06.29-11.26.14:931][421]LogModuleManager: Shutting down and abandoning module AlembicImporter (334)
[2018.06.29-11.26.14:931][421]LogModuleManager: Shutting down and abandoning module AlembicLibrary (333)
[2018.06.29-11.26.14:931][421]LogModuleManager: Shutting down and abandoning module GeometryCache (332)
[2018.06.29-11.26.14:932][421]LogModuleManager: Shutting down and abandoning module GeometryCacheEd (331)
[2018.06.29-11.26.14:932][421]LogModuleManager: Shutting down and abandoning module DatasmithContent (326)
[2018.06.29-11.26.14:932][421]LogModuleManager: Shutting down and abandoning module SpeedTreeImporter (324)
[2018.06.29-11.26.14:932][421]LogModuleManager: Shutting down and abandoning module PluginBrowser (322)
[2018.06.29-11.26.14:932][421]LogModuleManager: Shutting down and abandoning module MobileLauncherProfileWizard (320)
[2018.06.29-11.26.14:932][421]LogModuleManager: Shutting down and abandoning module CryptoKeysOpenSSL (318)
[2018.06.29-11.26.14:932][421]LogModuleManager: Shutting down and abandoning module CryptoKeys (316)
[2018.06.29-11.26.14:932][421]LogModuleManager: Shutting down and abandoning module VisualStudioSourceCodeAccess (314)
[2018.06.29-11.26.14:933][421]LogModuleManager: Shutting down and abandoning module VisualStudioCodeSourceCodeAccess (312)
[2018.06.29-11.26.14:933][421]LogModuleManager: Shutting down and abandoning module UObjectPlugin (310)
[2018.06.29-11.26.14:933][421]LogModuleManager: Shutting down and abandoning module SubversionSourceControl (308)
[2018.06.29-11.26.14:933][421]LogModuleManager: Shutting down and abandoning module PerforceSourceControl (306)
[2018.06.29-11.26.14:933][421]LogModuleManager: Shutting down and abandoning module GitSourceControl (304)
[2018.06.29-11.26.14:933][421]LogModuleManager: Shutting down and abandoning module SourceControl (303)
[2018.06.29-11.26.14:933][421]LogModuleManager: Shutting down and abandoning module CLionSourceCodeAccess (300)
[2018.06.29-11.26.14:933][421]LogModuleManager: Shutting down and abandoning module LightPropagationVolumeEditor (298)
[2018.06.29-11.26.14:933][421]LogModuleManager: Shutting down and abandoning module PaperTiledImporter (296)
[2018.06.29-11.26.14:933][421]LogModuleManager: Shutting down and abandoning module PaperSpriteSheetImporter (294)
[2018.06.29-11.26.14:933][421]LogModuleManager: Shutting down and abandoning module Paper2DEditor (292)
[2018.06.29-11.26.14:933][421]LogModuleManager: Shutting down and abandoning module MeshPaint (291)
[2018.06.29-11.26.14:933][421]LogModuleManager: Shutting down and abandoning module RuntimePhysXCooking (288)
[2018.06.29-11.26.14:933][421]LogModuleManager: Shutting down and abandoning module PhysXVehiclesEditor (286)
[2018.06.29-11.26.14:933][421]LogModuleManager: Shutting down and abandoning module PhysXVehicles (284)
[2018.06.29-11.26.14:933][421]LogModuleManager: Shutting down and abandoning module OculusEditor (282)
[2018.06.29-11.26.14:933][421]LogModuleManager: Shutting down and abandoning module LocationServicesBPLibrary (280)
[2018.06.29-11.26.14:933][421]LogModuleManager: Shutting down and abandoning module ImmediatePhysicsEditor (278)
[2018.06.29-11.26.14:933][421]LogModuleManager: Shutting down and abandoning module ImmediatePhysics (276)
[2018.06.29-11.26.14:933][421]LogModuleManager: Shutting down and abandoning module ActorSequence (274)
[2018.06.29-11.26.14:934][421]LogModuleManager: Shutting down and abandoning module UdpMessaging (272)
[2018.06.29-11.26.15:035][421]LogModuleManager: Shutting down and abandoning module TcpMessaging (270)
[2018.06.29-11.26.15:136][421]LogModuleManager: Shutting down and abandoning module GameplayTagsEditor (268)
[2018.06.29-11.26.15:136][421]LogModuleManager: Shutting down and abandoning module FacialAnimationEditor (266)
[2018.06.29-11.26.15:136][421]LogModuleManager: Shutting down and abandoning module FacialAnimation (264)
[2018.06.29-11.26.15:136][421]LogModuleManager: Shutting down and abandoning module DataValidation (262)
[2018.06.29-11.26.15:136][421]LogModuleManager: Shutting down and abandoning module AssetManagerEditor (260)
[2018.06.29-11.26.15:136][421]LogModuleManager: Shutting down and abandoning module LevelEditor (259)
[2018.06.29-11.26.15:137][421]LogModuleManager: Shutting down and abandoning module PixelInspectorModule (258)
[2018.06.29-11.26.15:137][421]LogModuleManager: Shutting down and abandoning module CommonMenuExtensions (256)
[2018.06.29-11.26.15:138][421]LogModuleManager: Shutting down and abandoning module MainFrame (254)
[2018.06.29-11.26.15:138][421]LogModuleManager: Shutting down and abandoning module HotReload (253)
[2018.06.29-11.26.15:138][421]LogModuleManager: Shutting down and abandoning module ContentBrowser (249)
[2018.06.29-11.26.15:140][421]LogModuleManager: Shutting down and abandoning module TreeMap (247)
[2018.06.29-11.26.15:140][421]LogModuleManager: Shutting down and abandoning module LightPropagationVolumeRuntime (244)
[2018.06.29-11.26.15:140][421]LogModuleManager: Shutting down and abandoning module LiveLinkEditor (242)
[2018.06.29-11.26.15:140][421]LogModuleManager: Shutting down and abandoning module LiveLink (240)
[2018.06.29-11.26.16:076][421]LogModuleManager: Shutting down and abandoning module Paper2D (238)
[2018.06.29-11.26.16:076][421]LogModuleManager: Shutting down and abandoning module WindowsMoviePlayer (236)
[2018.06.29-11.26.16:076][421]LogModuleManager: Shutting down and abandoning module WmfMedia (234)
[2018.06.29-11.26.16:077][421]LogModuleManager: Shutting down and abandoning module Media (233)
[2018.06.29-11.26.16:084][421]LogModuleManager: Shutting down and abandoning module PacketHandler (230)
[2018.06.29-11.26.16:084][421]LogModuleManager: Shutting down and abandoning module ClothingSystemEditor (228)
[2018.06.29-11.26.16:084][421]LogModuleManager: Shutting down and abandoning module ClothingSystemRuntime (226)
[2018.06.29-11.26.16:084][421]LogModuleManager: Shutting down and abandoning module MediaAssets (224)
[2018.06.29-11.26.16:084][421]LogModuleManager: Shutting down and abandoning module Overlay (222)
[2018.06.29-11.26.16:084][421]LogModuleManager: Shutting down and abandoning module OverlayEditor (221)
[2018.06.29-11.26.16:084][421]LogModuleManager: Shutting down and abandoning module VREditor (218)
[2018.06.29-11.26.16:084][421]LogModuleManager: Shutting down and abandoning module StringTableEditor (216)
[2018.06.29-11.26.16:084][421]LogModuleManager: Shutting down and abandoning module GameplayTasksEditor (214)
[2018.06.29-11.26.16:085][421]LogModuleManager: Shutting down and abandoning module BehaviorTreeEditor (212)
[2018.06.29-11.26.16:085][421]LogModuleManager: Shutting down and abandoning module FunctionalTesting (210)
[2018.06.29-11.26.16:085][421]LogModuleManager: Shutting down and abandoning module CollisionAnalyzer (208)
[2018.06.29-11.26.16:085][421]LogModuleManager: Shutting down and abandoning module WorkspaceMenuStructure (207)
[2018.06.29-11.26.16:085][421]LogModuleManager: Shutting down and abandoning module UMG (204)
[2018.06.29-11.26.16:085][421]LogModuleManager: Shutting down and abandoning module UMGEditor (203)
[2018.06.29-11.26.16:085][421]LogModuleManager: Shutting down and abandoning module Sequencer (202)
[2018.06.29-11.26.16:085][421]LogModuleManager: Shutting down and abandoning module MessageLog (199)
[2018.06.29-11.26.16:085][421]LogModuleManager: Shutting down and abandoning module SlateReflector (194)
[2018.06.29-11.26.16:085][421]LogModuleManager: Shutting down and abandoning module Slate (192)
[2018.06.29-11.26.16:085][421]LogModuleManager: Shutting down and abandoning module EditorStyle (190)
[2018.06.29-11.26.16:087][421]LogModuleManager: Shutting down and abandoning module MRMesh (188)
[2018.06.29-11.26.16:087][421]LogModuleManager: Shutting down and abandoning module SourceCodeAccess (186)
[2018.06.29-11.26.16:087][421]LogModuleManager: Shutting down and abandoning module HeadMountedDisplay (184)
[2018.06.29-11.26.16:087][421]LogModuleManager: Shutting down and abandoning module XAudio2 (182)
[2018.06.29-11.26.16:087][421]LogModuleManager: Shutting down and abandoning module Networking (180)
[2018.06.29-11.26.16:087][421]LogModuleManager: Shutting down and abandoning module Core (178)
[2018.06.29-11.26.16:087][421]LogModuleManager: Shutting down and abandoning module LevelSequence (176)
[2018.06.29-11.26.16:087][421]LogModuleManager: Shutting down and abandoning module KismetCompiler (174)
[2018.06.29-11.26.16:087][421]LogModuleManager: Shutting down and abandoning module MeshUtilities (172)
[2018.06.29-11.26.16:087][421]LogModuleManager: Shutting down and abandoning module MeshMergeUtilities (171)
[2018.06.29-11.26.16:087][421]LogModuleManager: Shutting down and abandoning module MeshReductionInterface (170)
[2018.06.29-11.26.16:087][421]LogModuleManager: Shutting down and abandoning module SimplygonSwarm (169)
[2018.06.29-11.26.16:087][421]LogModuleManager: Shutting down and abandoning module SimplygonMeshReduction (167)
[2018.06.29-11.26.16:087][421]LogModuleManager: Shutting down and abandoning module QuadricMeshReduction (165)
[2018.06.29-11.26.16:087][421]LogModuleManager: Shutting down and abandoning module MaterialBaking (161)
[2018.06.29-11.26.16:088][421]LogModuleManager: Shutting down and abandoning module DirectoryWatcher (157)
[2018.06.29-11.26.16:089][421]LogModuleManager: Shutting down and abandoning module DerivedDataCache (154)
[2018.06.29-11.26.16:100][421]LogDerivedDataCache: Shutdown
[2018.06.29-11.26.16:100][421]LogModuleManager: Shutting down and abandoning module XGEController (152)
[2018.06.29-11.26.16:100][421]LogModuleManager: Shutting down and abandoning module TargetPlatform (150)
[2018.06.29-11.26.16:100][421]LogModuleManager: Shutting down and abandoning module VulkanShaderFormat (149)
[2018.06.29-11.26.16:100][421]LogModuleManager: Shutting down and abandoning module ShaderFormatVectorVM (147)
[2018.06.29-11.26.16:100][421]LogModuleManager: Shutting down and abandoning module ShaderFormatOpenGL (145)
[2018.06.29-11.26.16:100][421]LogModuleManager: Shutting down and abandoning module ShaderFormatD3D (143)
[2018.06.29-11.26.16:100][421]LogModuleManager: Shutting down and abandoning module MetalShaderFormat (141)
[2018.06.29-11.26.16:100][421]LogModuleManager: Shutting down and abandoning module TextureFormatUncompressed (139)
[2018.06.29-11.26.16:100][421]LogModuleManager: Shutting down and abandoning module TextureFormatPVR (137)
[2018.06.29-11.26.16:100][421]LogModuleManager: Shutting down and abandoning module TextureFormatDXT (135)
[2018.06.29-11.26.16:101][421]LogModuleManager: Shutting down and abandoning module TextureFormatIntelISPCTexComp (133)
[2018.06.29-11.26.16:101][421]LogModuleManager: Shutting down and abandoning module TextureFormatASTC (131)
[2018.06.29-11.26.16:101][421]LogModuleManager: Shutting down and abandoning module ImageWrapper (130)
[2018.06.29-11.26.16:101][421]LogModuleManager: Shutting down and abandoning module TextureFormatAndroid (127)
[2018.06.29-11.26.16:101][421]LogModuleManager: Shutting down and abandoning module AudioFormatOpus (125)
[2018.06.29-11.26.16:101][421]LogModuleManager: Shutting down and abandoning module AudioFormatOgg (123)
[2018.06.29-11.26.16:101][421]LogModuleManager: Shutting down and abandoning module AudioFormatADPCM (121)
[2018.06.29-11.26.16:101][421]LogModuleManager: Shutting down and abandoning module LinuxTargetPlatform (119)
[2018.06.29-11.26.16:101][421]LogModuleManager: Shutting down and abandoning module LinuxServerTargetPlatform (117)
[2018.06.29-11.26.16:101][421]LogModuleManager: Shutting down and abandoning module LinuxNoEditorTargetPlatform (115)
[2018.06.29-11.26.16:101][421]LogModuleManager: Shutting down and abandoning module LinuxClientTargetPlatform (113)
[2018.06.29-11.26.16:101][421]LogModuleManager: Shutting down and abandoning module TVOSTargetPlatform (111)
[2018.06.29-11.26.16:101][421]LogModuleManager: Shutting down and abandoning module Messaging (109)
[2018.06.29-11.26.16:101][421]LogModuleManager: Shutting down and abandoning module IOSTargetPlatform (107)
[2018.06.29-11.26.16:101][421]LogModuleManager: Shutting down and abandoning module HTML5TargetPlatform (105)
[2018.06.29-11.26.16:101][421]LogModuleManager: Shutting down and abandoning module AndroidTargetPlatform (103)
[2018.06.29-11.26.16:101][421]LogModuleManager: Shutting down and abandoning module Android_PVRTCTargetPlatform (101)
[2018.06.29-11.26.16:101][421]LogModuleManager: Shutting down and abandoning module Android_MultiTargetPlatform (99)
[2018.06.29-11.26.16:101][421]LogModuleManager: Shutting down and abandoning module Android_ETC2TargetPlatform (97)
[2018.06.29-11.26.16:101][421]LogModuleManager: Shutting down and abandoning module Android_ETC1TargetPlatform (95)
[2018.06.29-11.26.16:101][421]LogModuleManager: Shutting down and abandoning module Android_ETC1aTargetPlatform (93)
[2018.06.29-11.26.16:101][421]LogModuleManager: Shutting down and abandoning module Android_DXTTargetPlatform (91)
[2018.06.29-11.26.16:101][421]LogModuleManager: Shutting down and abandoning module Android_ATCTargetPlatform (89)
[2018.06.29-11.26.16:101][421]LogModuleManager: Shutting down and abandoning module Android_ASTCTargetPlatform (87)
[2018.06.29-11.26.16:101][421]LogModuleManager: Shutting down and abandoning module WindowsTargetPlatform (85)
[2018.06.29-11.26.16:101][421]LogModuleManager: Shutting down and abandoning module WindowsServerTargetPlatform (83)
[2018.06.29-11.26.16:101][421]LogModuleManager: Shutting down and abandoning module WindowsNoEditorTargetPlatform (81)
[2018.06.29-11.26.16:101][421]LogModuleManager: Shutting down and abandoning module WindowsClientTargetPlatform (79)
[2018.06.29-11.26.16:101][421]LogModuleManager: Shutting down and abandoning module MacTargetPlatform (77)
[2018.06.29-11.26.16:102][421]LogModuleManager: Shutting down and abandoning module MacServerTargetPlatform (75)
[2018.06.29-11.26.16:102][421]LogModuleManager: Shutting down and abandoning module MacNoEditorTargetPlatform (73)
[2018.06.29-11.26.16:102][421]LogModuleManager: Shutting down and abandoning module MacClientTargetPlatform (71)
[2018.06.29-11.26.16:102][421]LogModuleManager: Shutting down and abandoning module AllDesktopTargetPlatform (69)
[2018.06.29-11.26.16:102][421]LogModuleManager: Shutting down and abandoning module InputCore (66)
[2018.06.29-11.26.16:102][421]LogModuleManager: Shutting down and abandoning module Settings (64)
[2018.06.29-11.26.16:102][421]LogModuleManager: Shutting down and abandoning module PhysXCooking (62)
[2018.06.29-11.26.16:102][421]LogModuleManager: Shutting down and abandoning module SteamVR (60)
[2018.06.29-11.26.16:102][421]LogModuleManager: Shutting down and abandoning module OculusHMD (58)
[2018.06.29-11.26.16:102][421]LogModuleManager: Shutting down and abandoning module ExampleDeviceProfileSelector (56)
[2018.06.29-11.26.16:102][421]LogModuleManager: Shutting down and abandoning module AppleARKit (54)
[2018.06.29-11.26.16:102][421]LogModuleManager: Shutting down and abandoning module AugmentedReality (51)
[2018.06.29-11.26.16:102][421]LogModuleManager: Shutting down and abandoning module OnlineBlueprintSupport (48)
[2018.06.29-11.26.16:102][421]LogModuleManager: Shutting down and abandoning module OnlineSubsystem (44)
[2018.06.29-11.26.16:102][421]LogModuleManager: Shutting down and abandoning module XMPP (43)
[2018.06.29-11.26.16:102][421]LogModuleManager: Shutting down and abandoning module HTTP (41)
[2018.06.29-11.26.16:102][421]LogHttp: Display: Http module shutting down, but needs to wait on 1 outstanding Http requests:
[2018.06.29-11.26.16:102][421]LogHttp: Display: 	verb=[POST] url=[https://datarouter.ol.epicgames.com/datarouter/api/v1/public/data?SessionID=%7BF85F8C70-436C-1840-0D9E-88AA0AF0B876%7D&AppID=UEEditor.Rocket.Release&AppVersion=4.19.2-4033788%2B%2B%2BUE4%2BRelease-4.19&UserID=2d6eb1b34fc32a09059e429a088b657e%7C5a3ca9c53e004878a723e2e8582454d1%7C480a9f05-3c35-4a26-9813-8740e76c8c0b&AppEnvironment=datacollector-binary&UploadType=eteventstream] status=Processing
[2018.06.29-11.26.16:112][421]LogModuleManager: Shutting down and abandoning module SSL (40)
[2018.06.29-11.26.16:113][421]LogModuleManager: Shutting down and abandoning module AnimationModifiers (36)
[2018.06.29-11.26.16:114][421]LogModuleManager: Shutting down and abandoning module PropertyEditor (35)
[2018.06.29-11.26.16:114][421]LogModuleManager: Shutting down and abandoning module AudioEditor (32)
[2018.06.29-11.26.16:114][421]LogModuleManager: Shutting down and abandoning module TextureCompressor (30)
[2018.06.29-11.26.16:114][421]LogModuleManager: Shutting down and abandoning module ShaderCore (28)
[2018.06.29-11.26.16:114][421]LogModuleManager: Shutting down and abandoning module Landscape (26)
[2018.06.29-11.26.16:114][421]LogModuleManager: Shutting down and abandoning module SlateRHIRenderer (24)
[2018.06.29-11.26.16:115][421]LogModuleManager: Shutting down and abandoning module OpenGLDrv (22)
[2018.06.29-11.26.16:116][421]LogModuleManager: Shutting down and abandoning module D3D11RHI (20)
[2018.06.29-11.26.16:116][421]LogModuleManager: Shutting down and abandoning module AnimGraphRuntime (18)
[2018.06.29-11.26.16:116][421]LogModuleManager: Shutting down and abandoning module Renderer (16)
[2018.06.29-11.26.16:116][421]LogModuleManager: Shutting down and abandoning module Engine (14)
[2018.06.29-11.26.16:116][421]LogModuleManager: Shutting down and abandoning module CoreUObject (12)
[2018.06.29-11.26.16:116][421]LogModuleManager: Shutting down and abandoning module NetworkFile (10)
[2018.06.29-11.26.16:116][421]LogModuleManager: Shutting down and abandoning module CookedIterativeFile (8)
[2018.06.29-11.26.16:116][421]LogModuleManager: Shutting down and abandoning module StreamingFile (6)
[2018.06.29-11.26.16:116][421]LogModuleManager: Shutting down and abandoning module SandboxFile (4)
[2018.06.29-11.26.16:116][421]LogModuleManager: Shutting down and abandoning module PakFile (2)
[2018.06.29-11.26.16:120][421]LogExit: Exiting.
[2018.06.29-11.26.16:139][421]Log file closed, 06/29/18 13:26:16
