Log file open, 06/28/18 10:35:12
LogWindows: Failed to load 'aqProf.dll' (GetLastError=126)
LogWindows: File 'aqProf.dll' does not exist
LogWindows: Failed to load 'VtuneApi.dll' (GetLastError=126)
LogWindows: File 'VtuneApi.dll' does not exist
LogWindows: Failed to load 'VtuneApi32e.dll' (GetLastError=126)
LogWindows: File 'VtuneApi32e.dll' does not exist
LogInit: Display: Running engine for game: GranProyectodeNOreal
LogPlatformFile: Not using cached read wrapper
LogInit: Display: RandInit(-740012462) SRandInit(-740012461).
LogInit: Read version file with build ID '3944462'
LogInit: Overriding engine version to CL 4033788, compatible CL 3944462
LogInit: Registered custom module enumerator with build ID '3944462'
LogTaskGraph: Started task graph with 5 named threads and 11 total threads with 3 sets of task threads.
LogStats: Stats thread started at 0.163510
LogD3D11RHI: Aftermath initialized
LogICUInternationalization: Display: ICU TimeZone Detection - Raw Offset: +1:00, Platform Override: ''
LogModuleManager: Display: Found up-to-date module file ../../../Engine/Plugins/2D/Paper2D/Binaries/Win64/UE4Editor-Paper2D.dll (API version 3944462).
LogModuleManager: Display: Found up-to-date module file ../../../Engine/Plugins/2D/Paper2D/Binaries/Win64/UE4Editor-Paper2DEditor.dll (API version 3944462).
LogModuleManager: Display: Found up-to-date module file ../../../Engine/Plugins/2D/Paper2D/Binaries/Win64/UE4Editor-PaperSpriteSheetImporter.dll (API version 3944462).
LogModuleManager: Display: Found up-to-date module file ../../../Engine/Plugins/2D/Paper2D/Binaries/Win64/UE4Editor-PaperTiledImporter.dll (API version 3944462).
LogModuleManager: Display: Found up-to-date module file ../../../Engine/Plugins/2D/Paper2D/Binaries/Win64/UE4Editor-SmartSnapping.dll (API version 3944462).
LogModuleManager: Display: Found up-to-date module file ../../../Engine/Plugins/Blendables/LightPropagationVolume/Binaries/Win64/UE4Editor-LightPropagationVolumeRuntime.dll (API version 3944462).
LogModuleManager: Display: Found up-to-date module file ../../../Engine/Plugins/Blendables/LightPropagationVolume/Binaries/Win64/UE4Editor-LightPropagationVolumeEditor.dll (API version 3944462).
LogModuleManager: Display: Found up-to-date module file ../../../Engine/Plugins/Developer/CLionSourceCodeAccess/Binaries/Win64/UE4Editor-CLionSourceCodeAccess.dll (API version 3944462).
LogModuleManager: Display: Found up-to-date module file ../../../Engine/Plugins/Developer/GitSourceControl/Binaries/Win64/UE4Editor-GitSourceControl.dll (API version 3944462).
LogModuleManager: Display: Found up-to-date module file ../../../Engine/Plugins/Developer/PerforceSourceControl/Binaries/Win64/UE4Editor-PerforceSourceControl.dll (API version 3944462).
LogModuleManager: Display: Found up-to-date module file ../../../Engine/Plugins/Developer/SubversionSourceControl/Binaries/Win64/UE4Editor-SubversionSourceControl.dll (API version 3944462).
LogModuleManager: Display: Found up-to-date module file ../../../Engine/Plugins/Developer/UObjectPlugin/Binaries/Win64/UE4Editor-UObjectPlugin.dll (API version 3944462).
LogModuleManager: Display: Found up-to-date module file ../../../Engine/Plugins/Developer/VisualStudioCodeSourceCodeAccess/Binaries/Win64/UE4Editor-VisualStudioCodeSourceCodeAccess.dll (API version 3944462).
LogModuleManager: Display: Found up-to-date module file ../../../Engine/Plugins/Developer/VisualStudioSourceCodeAccess/Binaries/Win64/UE4Editor-VisualStudioSourceCodeAccess.dll (API version 3944462).
LogModuleManager: Display: Found up-to-date module file ../../../Engine/Plugins/Editor/AssetManagerEditor/Binaries/Win64/UE4Editor-AssetManagerEditor.dll (API version 3944462).
LogModuleManager: Display: Found up-to-date module file ../../../Engine/Plugins/Editor/CryptoKeys/Binaries/Win64/UE4Editor-CryptoKeys.dll (API version 3944462).
LogModuleManager: Display: Found up-to-date module file ../../../Engine/Plugins/Editor/CryptoKeys/Binaries/Win64/UE4Editor-CryptoKeysOpenSSL.dll (API version 3944462).
LogModuleManager: Display: Found up-to-date module file ../../../Engine/Plugins/Editor/DataValidation/Binaries/Win64/UE4Editor-DataValidation.dll (API version 3944462).
LogModuleManager: Display: Found up-to-date module file ../../../Engine/Plugins/Editor/FacialAnimation/Binaries/Win64/UE4Editor-FacialAnimation.dll (API version 3944462).
LogModuleManager: Display: Found up-to-date module file ../../../Engine/Plugins/Editor/FacialAnimation/Binaries/Win64/UE4Editor-FacialAnimationEditor.dll (API version 3944462).
LogModuleManager: Display: Found up-to-date module file ../../../Engine/Plugins/Editor/GameplayTagsEditor/Binaries/Win64/UE4Editor-GameplayTagsEditor.dll (API version 3944462).
LogModuleManager: Display: Found up-to-date module file ../../../Engine/Plugins/Editor/MobileLauncherProfileWizard/Binaries/Win64/UE4Editor-MobileLauncherProfileWizard.dll (API version 3944462).
LogModuleManager: Display: Found up-to-date module file ../../../Engine/Plugins/Editor/PluginBrowser/Binaries/Win64/UE4Editor-PluginBrowser.dll (API version 3944462).
LogModuleManager: Display: Found up-to-date module file ../../../Engine/Plugins/Editor/SpeedTreeImporter/Binaries/Win64/UE4Editor-SpeedTreeImporter.dll (API version 3944462).
LogModuleManager: Display: Found up-to-date module file ../../../Engine/Plugins/Enterprise/DatasmithContent/Binaries/Win64/UE4Editor-DatasmithContent.dll (API version 3944462).
LogModuleManager: Display: Found up-to-date module file ../../../Engine/Plugins/Experimental/AlembicImporter/Binaries/Win64/UE4Editor-AlembicImporter.dll (API version 3944462).
LogModuleManager: Display: Found up-to-date module file ../../../Engine/Plugins/Experimental/AlembicImporter/Binaries/Win64/UE4Editor-AlembicLibrary.dll (API version 3944462).
LogModuleManager: Display: Found up-to-date module file ../../../Engine/Plugins/Experimental/CharacterAI/Binaries/Win64/UE4Editor-CharacterAI.dll (API version 3944462).
LogModuleManager: Display: Found up-to-date module file ../../../Engine/Plugins/Experimental/HTML5Networking/Binaries/Win64/UE4Editor-HTML5Networking.dll (API version 3944462).
LogModuleManager: Display: Found up-to-date module file ../../../Engine/Plugins/Media/AndroidMedia/Binaries/Win64/UE4Editor-AndroidMediaEditor.dll (API version 3944462).
LogModuleManager: Display: Found up-to-date module file ../../../Engine/Plugins/Media/AndroidMedia/Binaries/Win64/UE4Editor-AndroidMediaFactory.dll (API version 3944462).
LogModuleManager: Display: Found up-to-date module file ../../../Engine/Plugins/Media/AvfMedia/Binaries/Win64/UE4Editor-AvfMediaEditor.dll (API version 3944462).
LogModuleManager: Display: Found up-to-date module file ../../../Engine/Plugins/Media/AvfMedia/Binaries/Win64/UE4Editor-AvfMediaFactory.dll (API version 3944462).
LogModuleManager: Display: Found up-to-date module file ../../../Engine/Plugins/Media/AvfMedia/Binaries/Win64/UE4Editor-AvfMediaFactory.dll (API version 3944462).
LogModuleManager: Display: Found up-to-date module file ../../../Engine/Plugins/Media/ImgMedia/Binaries/Win64/UE4Editor-ImgMedia.dll (API version 3944462).
LogModuleManager: Display: Found up-to-date module file ../../../Engine/Plugins/Media/ImgMedia/Binaries/Win64/UE4Editor-ImgMediaEditor.dll (API version 3944462).
LogModuleManager: Display: Found up-to-date module file ../../../Engine/Plugins/Media/ImgMedia/Binaries/Win64/UE4Editor-ImgMediaFactory.dll (API version 3944462).
LogModuleManager: Display: Found up-to-date module file ../../../Engine/Plugins/Media/ImgMedia/Binaries/Win64/UE4Editor-ImgMediaFactory.dll (API version 3944462).
LogModuleManager: Display: Found up-to-date module file ../../../Engine/Plugins/Media/ImgMedia/Binaries/Win64/UE4Editor-OpenExrWrapper.dll (API version 3944462).
LogModuleManager: Display: Found up-to-date module file ../../../Engine/Plugins/Media/LinearTimecode/Binaries/Win64/UE4Editor-LinearTimecode.dll (API version 3944462).
LogModuleManager: Display: Found up-to-date module file ../../../Engine/Plugins/Media/MediaCompositing/Binaries/Win64/UE4Editor-MediaCompositing.dll (API version 3944462).
LogModuleManager: Display: Found up-to-date module file ../../../Engine/Plugins/Media/MediaCompositing/Binaries/Win64/UE4Editor-MediaCompositingEditor.dll (API version 3944462).
LogModuleManager: Display: Found up-to-date module file ../../../Engine/Plugins/Media/MediaPlayerEditor/Binaries/Win64/UE4Editor-MediaPlayerEditor.dll (API version 3944462).
LogModuleManager: Display: Found up-to-date module file ../../../Engine/Plugins/Media/WmfMedia/Binaries/Win64/UE4Editor-WmfMedia.dll (API version 3944462).
LogModuleManager: Display: Found up-to-date module file ../../../Engine/Plugins/Media/WmfMedia/Binaries/Win64/UE4Editor-WmfMediaEditor.dll (API version 3944462).
LogModuleManager: Display: Found up-to-date module file ../../../Engine/Plugins/Media/WmfMedia/Binaries/Win64/UE4Editor-WmfMediaFactory.dll (API version 3944462).
LogModuleManager: Display: Found up-to-date module file ../../../Engine/Plugins/Media/WmfMedia/Binaries/Win64/UE4Editor-WmfMediaFactory.dll (API version 3944462).
LogModuleManager: Display: Found up-to-date module file ../../../Engine/Plugins/Messaging/TcpMessaging/Binaries/Win64/UE4Editor-TcpMessaging.dll (API version 3944462).
LogModuleManager: Display: Found up-to-date module file ../../../Engine/Plugins/Messaging/UdpMessaging/Binaries/Win64/UE4Editor-UdpMessaging.dll (API version 3944462).
LogModuleManager: Display: Found up-to-date module file ../../../Engine/Plugins/MovieScene/ActorSequence/Binaries/Win64/UE4Editor-ActorSequence.dll (API version 3944462).
LogModuleManager: Display: Found up-to-date module file ../../../Engine/Plugins/MovieScene/LevelSequenceEditor/Binaries/Win64/UE4Editor-LevelSequenceEditor.dll (API version 3944462).
LogModuleManager: Display: Found up-to-date module file ../../../Engine/Plugins/MovieScene/MatineeToLevelSequence/Binaries/Win64/UE4Editor-MatineeToLevelSequence.dll (API version 3944462).
LogModuleManager: Display: Found up-to-date module file ../../../Engine/Plugins/NetcodeUnitTest/NetcodeUnitTest/Binaries/Win64/UE4Editor-NetcodeUnitTest.dll (API version 3944462).
LogModuleManager: Display: Found up-to-date module file ../../../Engine/Plugins/NetcodeUnitTest/NUTUnrealEngine4/Binaries/Win64/UE4Editor-NUTUnrealEngine4.dll (API version 3944462).
LogModuleManager: Display: Found up-to-date module file ../../../Engine/Plugins/Online/OnlineSubsystem/Binaries/Win64/UE4Editor-OnlineSubsystem.dll (API version 3944462).
LogModuleManager: Display: Found up-to-date module file ../../../Engine/Plugins/Runtime/AndroidPermission/Binaries/Win64/UE4Editor-AndroidPermission.dll (API version 3944462).
LogModuleManager: Display: Found up-to-date module file ../../../Engine/Plugins/Online/OnlineSubsystemNull/Binaries/Win64/UE4Editor-OnlineSubsystemNull.dll (API version 3944462).
LogModuleManager: Display: Found up-to-date module file ../../../Engine/Plugins/Online/OnlineSubsystemUtils/Binaries/Win64/UE4Editor-OnlineSubsystemUtils.dll (API version 3944462).
LogModuleManager: Display: Found up-to-date module file ../../../Engine/Plugins/Online/OnlineSubsystemUtils/Binaries/Win64/UE4Editor-OnlineBlueprintSupport.dll (API version 3944462).
LogModuleManager: Display: Found up-to-date module file ../../../Engine/Plugins/Runtime/AndroidDeviceProfileSelector/Binaries/Win64/UE4Editor-AndroidDeviceProfileSelector.dll (API version 3944462).
LogModuleManager: Display: Found up-to-date module file ../../../Engine/Plugins/Runtime/AppleARKit/Binaries/Win64/UE4Editor-AppleARKit.dll (API version 3944462).
LogModuleManager: Display: Found up-to-date module file ../../../Engine/Plugins/Runtime/ProceduralMeshComponent/Binaries/Win64/UE4Editor-ProceduralMeshComponent.dll (API version 3944462).
LogModuleManager: Display: Found up-to-date module file ../../../Engine/Plugins/Runtime/ProceduralMeshComponent/Binaries/Win64/UE4Editor-ProceduralMeshComponentEditor.dll (API version 3944462).
LogModuleManager: Display: Found up-to-date module file ../../../Engine/Plugins/Animation/LiveLink/Binaries/Win64/UE4Editor-LiveLink.dll (API version 3944462).
LogModuleManager: Display: Found up-to-date module file ../../../Engine/Plugins/Animation/LiveLink/Binaries/Win64/UE4Editor-LiveLinkEditor.dll (API version 3944462).
LogModuleManager: Display: Found up-to-date module file ../../../Engine/Plugins/Runtime/ArchVisCharacter/Binaries/Win64/UE4Editor-ArchVisCharacter.dll (API version 3944462).
LogModuleManager: Display: Found up-to-date module file ../../../Engine/Plugins/Runtime/AudioCapture/Binaries/Win64/UE4Editor-AudioCapture.dll (API version 3944462).
LogModuleManager: Display: Found up-to-date module file ../../../Engine/Plugins/Runtime/AudioCapture/Binaries/Win64/UE4Editor-AudioCaptureEditor.dll (API version 3944462).
LogModuleManager: Display: Found up-to-date module file ../../../Engine/Plugins/Runtime/CableComponent/Binaries/Win64/UE4Editor-CableComponent.dll (API version 3944462).
LogModuleManager: Display: Found up-to-date module file ../../../Engine/Plugins/Runtime/CustomMeshComponent/Binaries/Win64/UE4Editor-CustomMeshComponent.dll (API version 3944462).
LogModuleManager: Display: Found up-to-date module file ../../../Engine/Plugins/Runtime/ExampleDeviceProfileSelector/Binaries/Win64/UE4Editor-ExampleDeviceProfileSelector.dll (API version 3944462).
LogModuleManager: Display: Found up-to-date module file ../../../Engine/Plugins/Runtime/ImmediatePhysics/Binaries/Win64/UE4Editor-ImmediatePhysics.dll (API version 3944462).
LogModuleManager: Display: Found up-to-date module file ../../../Engine/Plugins/Runtime/ImmediatePhysics/Binaries/Win64/UE4Editor-ImmediatePhysicsEditor.dll (API version 3944462).
LogModuleManager: Display: Found up-to-date module file ../../../Engine/Plugins/Runtime/LocationServicesBPLibrary/Binaries/Win64/UE4Editor-LocationServicesBPLibrary.dll (API version 3944462).
LogModuleManager: Display: Found up-to-date module file ../../../Engine/Plugins/Runtime/MobilePatchingUtils/Binaries/Win64/UE4Editor-MobilePatchingUtils.dll (API version 3944462).
LogModuleManager: Display: Found up-to-date module file ../../../Engine/Plugins/Runtime/Oculus/OculusVR/Binaries/Win64/UE4Editor-OculusHMD.dll (API version 3944462).
LogModuleManager: Display: Found up-to-date module file ../../../Engine/Plugins/Runtime/Oculus/OculusVR/Binaries/Win64/UE4Editor-OculusInput.dll (API version 3944462).
LogModuleManager: Display: Found up-to-date module file ../../../Engine/Plugins/Runtime/Oculus/OculusVR/Binaries/Win64/UE4Editor-OculusEditor.dll (API version 3944462).
LogModuleManager: Display: Found up-to-date module file ../../../Engine/Plugins/Runtime/PhysXVehicles/Binaries/Win64/UE4Editor-PhysXVehicles.dll (API version 3944462).
LogModuleManager: Display: Found up-to-date module file ../../../Engine/Plugins/Runtime/PhysXVehicles/Binaries/Win64/UE4Editor-PhysXVehiclesEditor.dll (API version 3944462).
LogModuleManager: Display: Found up-to-date module file ../../../Engine/Plugins/Runtime/RuntimePhysXCooking/Binaries/Win64/UE4Editor-RuntimePhysXCooking.dll (API version 3944462).
LogModuleManager: Display: Found up-to-date module file ../../../Engine/Plugins/Runtime/Steam/SteamVR/Binaries/Win64/UE4Editor-SteamVR.dll (API version 3944462).
LogModuleManager: Display: Found up-to-date module file ../../../Engine/Plugins/Runtime/Steam/SteamVR/Binaries/Win64/UE4Editor-SteamVRController.dll (API version 3944462).
LogModuleManager: Display: Found up-to-date module file ../../../Engine/Plugins/Runtime/WindowsMoviePlayer/Binaries/Win64/UE4Editor-WindowsMoviePlayer.dll (API version 3944462).
LogPluginManager: Mounting plugin Paper2D
LogPluginManager: Mounting plugin LiveLink
LogPluginManager: Mounting plugin LightPropagationVolume
LogPluginManager: Mounting plugin CLionSourceCodeAccess
LogPluginManager: Mounting plugin CodeLiteSourceCodeAccess
LogPluginManager: Mounting plugin GitSourceControl
LogPluginManager: Mounting plugin KDevelopSourceCodeAccess
LogPluginManager: Mounting plugin NullSourceCodeAccess
LogPluginManager: Mounting plugin PerforceSourceControl
LogPluginManager: Mounting plugin SubversionSourceControl
LogPluginManager: Mounting plugin UObjectPlugin
LogPluginManager: Mounting plugin VisualStudioCodeSourceCodeAccess
LogPluginManager: Mounting plugin VisualStudioSourceCodeAccess
LogPluginManager: Mounting plugin XCodeSourceCodeAccess
LogPluginManager: Mounting plugin AssetManagerEditor
LogPluginManager: Mounting plugin CryptoKeys
LogPluginManager: Mounting plugin DataValidation
LogPluginManager: Mounting plugin FacialAnimation
LogPluginManager: Mounting plugin GameplayTagsEditor
LogPluginManager: Mounting plugin MobileLauncherProfileWizard
LogPluginManager: Mounting plugin PluginBrowser
LogPluginManager: Mounting plugin SpeedTreeImporter
LogPluginManager: Mounting plugin DatasmithContent
LogPluginManager: Mounting plugin AlembicImporter
LogPluginManager: Mounting plugin CharacterAI
LogPluginManager: Mounting plugin HTML5Networking
LogPluginManager: Mounting plugin AndroidMedia
LogPluginManager: Mounting plugin AvfMedia
LogPluginManager: Mounting plugin ImgMedia
LogPluginManager: Mounting plugin LinearTimecode
LogPluginManager: Mounting plugin MediaCompositing
LogPluginManager: Mounting plugin MediaPlayerEditor
LogPluginManager: Mounting plugin WmfMedia
LogPluginManager: Mounting plugin TcpMessaging
LogPluginManager: Mounting plugin UdpMessaging
LogPluginManager: Mounting plugin ActorSequence
LogPluginManager: Mounting plugin LevelSequenceEditor
LogPluginManager: Mounting plugin MatineeToLevelSequence
LogPluginManager: Mounting plugin NetcodeUnitTest
LogPluginManager: Mounting plugin NUTUnrealEngine4
LogPluginManager: Mounting plugin OnlineSubsystemGooglePlay
LogPluginManager: Mounting plugin OnlineSubsystemIOS
LogPluginManager: Mounting plugin OnlineSubsystem
LogPluginManager: Mounting plugin OnlineSubsystemNull
LogPluginManager: Mounting plugin OnlineSubsystemUtils
LogPluginManager: Mounting plugin AndroidDeviceProfileSelector
LogPluginManager: Mounting plugin AndroidMoviePlayer
LogPluginManager: Mounting plugin AndroidPermission
LogPluginManager: Mounting plugin AppleARKit
LogPluginManager: Mounting plugin AppleMoviePlayer
LogPluginManager: Mounting plugin ArchVisCharacter
LogPluginManager: Mounting plugin AudioCapture
LogPluginManager: Mounting plugin CableComponent
LogPluginManager: Mounting plugin CustomMeshComponent
LogPluginManager: Mounting plugin ExampleDeviceProfileSelector
LogPluginManager: Mounting plugin GoogleCloudMessaging
LogPluginManager: Mounting plugin ImmediatePhysics
LogPluginManager: Mounting plugin IOSDeviceProfileSelector
LogPluginManager: Mounting plugin LinuxDeviceProfileSelector
LogPluginManager: Mounting plugin LocationServicesBPLibrary
LogPluginManager: Mounting plugin MobilePatchingUtils
LogPluginManager: Mounting plugin OculusVR
LogPluginManager: Plugin shader directory ../../../Engine/Plugins/Runtime/Oculus/OculusVR/Shaders found
LogPluginManager: Mapping shader source directory ../../../Engine/Plugins/Runtime/Oculus/OculusVR/Shaders to virtual directory /Plugin/OculusVR
LogPluginManager: Mounting plugin PhysXVehicles
LogPluginManager: Mounting plugin ProceduralMeshComponent
LogPluginManager: Mounting plugin RuntimePhysXCooking
LogPluginManager: Mounting plugin SteamVR
LogPluginManager: Mounting plugin WindowsMoviePlayer
LogStreaming: Display: Took  1.411s to configure plugins.
LogInit: Using libcurl 7.47.1
LogInit:  - built for x86_64-pc-win32
LogInit:  - supports SSL with OpenSSL/1.0.2g
LogInit:  - supports HTTP deflate (compression) using libz 1.2.8
LogInit:  - other features:
LogInit:      CURL_VERSION_SSL
LogInit:      CURL_VERSION_LIBZ
LogInit:      CURL_VERSION_IPV6
LogInit:      CURL_VERSION_ASYNCHDNS
LogInit:      CURL_VERSION_LARGEFILE
LogInit:      CURL_VERSION_IDN
LogInit:  CurlRequestOptions (configurable via config and command line):
LogInit:  - bVerifyPeer = false  - Libcurl will NOT verify peer certificate
LogInit:  - bUseHttpProxy = false  - Libcurl will NOT use HTTP proxy
LogInit:  - bDontReuseConnections = false  - Libcurl will reuse connections
LogInit:  - CertBundlePath = nullptr  - Libcurl will use whatever was configured at build time.
LogInit:  - MaxHostConnections = 16  - Libcurl will limit the number of connections to a host
LogInit:  - LocalHostAddr = Default
LogInit: WinSock: version 1.1 (2.2), MaxSocks=32767, MaxUdp=65467
LogInit: WinSock: I am DESKTOP-19O1GSB (192.168.11.209:0)
LogInit: Build: ++UE4+Release-4.19-CL-4033788
LogInit: Engine Version: 4.19.2-4033788+++UE4+Release-4.19
LogInit: Compatible Engine Version: 4.19.0-3944462+++UE4+Release-4.19
LogInit: Net CL: 3944462
LogDevObjectVersion: Number of dev versions registered: 18
LogDevObjectVersion:   Dev-Blueprints (B0D832E4-1F89-4F0D-ACCF-7EB736FD4AA2): 10
LogDevObjectVersion:   Dev-Build (E1C64328-A22C-4D53-A36C-8E866417BD8C): 0
LogDevObjectVersion:   Dev-Core (375EC13C-06E4-48FB-B500-84F0262A717E): 2
LogDevObjectVersion:   Dev-Editor (E4B068ED-F494-42E9-A231-DA0B2E46BB41): 23
LogDevObjectVersion:   Dev-Framework (CFFC743F-43B0-4480-9391-14DF171D2073): 33
LogDevObjectVersion:   Dev-Mobile (B02B49B5-BB20-44E9-A304-32B752E40360): 2
LogDevObjectVersion:   Dev-Networking (A4E4105C-59A1-49B5-A7C5-40C4547EDFEE): 0
LogDevObjectVersion:   Dev-Online (39C831C9-5AE6-47DC-9A44-9C173E1C8E7C): 0
LogDevObjectVersion:   Dev-Physics (78F01B33-EBEA-4F98-B9B4-84EACCB95AA2): 0
LogDevObjectVersion:   Dev-Platform (6631380F-2D4D-43E0-8009-CF276956A95A): 0
LogDevObjectVersion:   Dev-Rendering (12F88B9F-8875-4AFC-A67C-D90C383ABD29): 25
LogDevObjectVersion:   Dev-Sequencer (7B5AE74C-D270-4C10-A958-57980B212A5A): 6
LogDevObjectVersion:   Dev-VR (D7296918-1DD6-4BDD-9DE2-64A83CC13884): 1
LogDevObjectVersion:   Dev-LoadTimes (C2A15278-BFE7-4AFE-6C17-90FF531DF755): 1
LogDevObjectVersion:   Private-Geometry (6EACA3D4-40EC-4CC1-B786-8BED09428FC5): 2
LogDevObjectVersion:   Dev-AnimPhys (29E575DD-E0A3-4627-9D10-D276232CDCEA): 16
LogDevObjectVersion:   Dev-ReflectionCapture (6B266CEC-1EC7-4B8F-A30B-E4D90942FC07): 1
LogDevObjectVersion:   Dev-Automation (0DF73D61-A23F-47EA-B727-89E90C41499A): 1
LogInit: Compiled (64-bit): Apr 27 2018 02:06:57
LogInit: Compiled with Visual C++: 19.00.24215.01
LogInit: Build Configuration: Development
LogInit: Branch Name: ++UE4+Release-4.19
LogInit: Command Line:  
LogInit: Base Directory: C:/Program Files/Epic Games/UE_4.19/Engine/Binaries/Win64/
LogInit: Installed Engine Build: 1
LogStreaming: Display: Took  0.000s to delete old logs.
LogInit: Presizing for max 8388607 objects, including 0 objects not considered by GC, pre-allocating 0 bytes for permanent pool.
LogInit: Object subsystem initialized
[2018.06.28-08.35.14:078][  0]LogInit: Selected Device Profile: [Windows]
[2018.06.28-08.35.14:078][  0]LogInit: Applying CVar settings loaded from the selected device profile: [Windows]
[2018.06.28-08.35.14:098][  0]LogInit: Computer: DESKTOP-19O1GSB
[2018.06.28-08.35.14:098][  0]LogInit: User: JanTorrent
[2018.06.28-08.35.14:098][  0]LogInit: CPU Page size=4096, Cores=2
[2018.06.28-08.35.14:098][  0]LogInit: High frequency timer resolution =2.338335 MHz
[2018.06.28-08.35.14:099][  0]LogMemory: Memory total: Physical=7.9GB (8GB approx)
[2018.06.28-08.35.14:099][  0]LogMemory: Platform Memory Stats for Windows
[2018.06.28-08.35.14:099][  0]LogMemory: Process Physical Memory: 274.20 MB used, 274.20 MB peak
[2018.06.28-08.35.14:099][  0]LogMemory: Process Virtual Memory: 268.07 MB used, 268.07 MB peak
[2018.06.28-08.35.14:099][  0]LogMemory: Physical Memory: 3560.68 MB used,  4533.82 MB free, 8094.50 MB total
[2018.06.28-08.35.14:099][  0]LogMemory: Virtual Memory: 4783.98 MB used,  4533.82 MB free, 134217728.00 MB total
[2018.06.28-08.35.14:127][  0]LogInit: Overriding language with editor language configuration option (en).
[2018.06.28-08.35.14:127][  0]LogInit: Overriding locale with editor locale configuration option (en).
[2018.06.28-08.35.14:857][  0]LogStreaming: Display: Took  0.730s to EndInitTextLocalization.
[2018.06.28-08.35.14:858][  0]LogInit: Setting process to per monitor DPI aware
[2018.06.28-08.35.14:907][  0]LogSlate: New Slate User Created.  User Index 0, Is Virtual User: 0
[2018.06.28-08.35.14:907][  0]LogSlate: Slate User Registered.  User Index 0, Is Virtual User: 0
[2018.06.28-08.35.17:287][  0]LogD3D11RHI: D3D11 adapters:
[2018.06.28-08.35.17:332][  0]LogD3D11RHI:    0. 'NVIDIA GeForce 920M' (Feature Level 11_0)
[2018.06.28-08.35.17:333][  0]LogD3D11RHI:       2020/0/4047 MB DedicatedVideo/DedicatedSystem/SharedSystem, Outputs:1, VendorId:0x10de
[2018.06.28-08.35.17:339][  0]LogD3D11RHI:    1. 'Intel(R) HD Graphics 5500' (Feature Level 11_0)
[2018.06.28-08.35.17:339][  0]LogD3D11RHI:       128/0/4047 MB DedicatedVideo/DedicatedSystem/SharedSystem, Outputs:0, VendorId:0x8086
[2018.06.28-08.35.17:341][  0]LogD3D11RHI:    2. 'Microsoft Basic Render Driver' (Feature Level 11_0)
[2018.06.28-08.35.17:341][  0]LogD3D11RHI:       0/0/4047 MB DedicatedVideo/DedicatedSystem/SharedSystem, Outputs:0, VendorId:0x1414
[2018.06.28-08.35.17:341][  0]LogD3D11RHI: Chosen D3D11 Adapter: 0
[2018.06.28-08.35.17:357][  0]LogD3D11RHI: Creating new Direct3DDevice
[2018.06.28-08.35.17:357][  0]LogD3D11RHI:     GPU DeviceId: 0x1299 (for the marketing name, search the web for "GPU Device Id")
[2018.06.28-08.35.17:357][  0]LogWindows: EnumDisplayDevices:
[2018.06.28-08.35.17:357][  0]LogWindows:    0. 'Intel(R) HD Graphics 5500' (P:1 D:1)
[2018.06.28-08.35.17:357][  0]LogWindows:    1. 'Intel(R) HD Graphics 5500' (P:0 D:0)
[2018.06.28-08.35.17:357][  0]LogWindows:    2. 'Intel(R) HD Graphics 5500' (P:0 D:0)
[2018.06.28-08.35.17:358][  0]LogWindows: DebugString: GetVideoDriverDetailsInvalid PrimaryIsNotTheChoosenAdapter GetVideoDriverDetailsInvalid PrimaryIsNotTheChoosenAdapter GetVideoDriverDetailsInvalid PrimaryIsNotTheChoosenAdapter FoundDriverCount:0 
[2018.06.28-08.35.17:358][  0]LogD3D11RHI:     Adapter Name: NVIDIA GeForce 920M
[2018.06.28-08.35.17:358][  0]LogD3D11RHI:   Driver Version: Unknown (internal:Unknown, unified:Unknown)
[2018.06.28-08.35.17:358][  0]LogD3D11RHI:      Driver Date: Unknown
[2018.06.28-08.35.17:358][  0]LogRHI: Texture pool is 1414 MB (70% of 2020 MB)
[2018.06.28-08.35.17:378][  0]LogD3D11RHI: [Aftermath] Aftermath enabled but failed to initialize
[2018.06.28-08.35.17:378][  0]LogD3D11RHI: [Aftermath] Aftermath enabled and primed
[2018.06.28-08.35.17:378][  0]LogD3D11RHI: Async texture creation enabled
[2018.06.28-08.35.17:397][  0]LogD3D11RHI: GPU Timing Frequency: 1000.000000 (Debug: 2 2)
[2018.06.28-08.35.17:397][  0]LogShaderCompilers: Guid format shader working directory is -30 characters bigger than the processId version (../../../../../../Users/Jan Torrent/Desktop/Github/JanXUnreal/GranProyectodeNOreal/Intermediate/Shaders/WorkingDirectory/8592/).
[2018.06.28-08.35.17:397][  0]LogShaderCompilers: Cleaned the shader compiler working directory 'C:/Users/Jan Torrent/AppData/Local/Temp/UnrealShaderWorkingDir/AE4421F64BA64B915BF61EB226D4219F/'.
[2018.06.28-08.35.17:839][  0]LogTemp: Display: Loaded TP AllDesktopTargetPlatform
[2018.06.28-08.35.17:855][  0]LogTemp: Display: Loaded TP MacClientTargetPlatform
[2018.06.28-08.35.17:872][  0]LogTemp: Display: Loaded TP MacNoEditorTargetPlatform
[2018.06.28-08.35.17:888][  0]LogTemp: Display: Loaded TP MacServerTargetPlatform
[2018.06.28-08.35.17:985][  0]LogTemp: Display: Loaded TP MacTargetPlatform
[2018.06.28-08.35.18:003][  0]LogTemp: Display: Loaded TP WindowsClientTargetPlatform
[2018.06.28-08.35.18:018][  0]LogTemp: Display: Loaded TP WindowsNoEditorTargetPlatform
[2018.06.28-08.35.18:035][  0]LogTemp: Display: Loaded TP WindowsServerTargetPlatform
[2018.06.28-08.35.18:042][  0]LogTemp: Display: Loaded TP WindowsTargetPlatform
[2018.06.28-08.35.18:056][  0]LogTemp: Display: Loaded TP Android_ASTCTargetPlatform
[2018.06.28-08.35.18:071][  0]LogTemp: Display: Loaded TP Android_ATCTargetPlatform
[2018.06.28-08.35.18:085][  0]LogTemp: Display: Loaded TP Android_DXTTargetPlatform
[2018.06.28-08.35.18:099][  0]LogTemp: Display: Loaded TP Android_ETC1aTargetPlatform
[2018.06.28-08.35.18:118][  0]LogTemp: Display: Loaded TP Android_ETC1TargetPlatform
[2018.06.28-08.35.18:132][  0]LogTemp: Display: Loaded TP Android_ETC2TargetPlatform
[2018.06.28-08.35.18:160][  0]LogTemp: Display: Loaded TP Android_MultiTargetPlatform
[2018.06.28-08.35.18:160][  0]LogTemp: Display: Loaded TP Android_PVRTCTargetPlatform
[2018.06.28-08.35.18:195][  0]LogTemp: Display: Loaded TP AndroidTargetPlatform
[2018.06.28-08.35.18:196][  0]LogTemp: Display: Loaded TP HTML5TargetPlatform
[2018.06.28-08.35.18:251][  0]LogTemp: Display: Loaded TP IOSTargetPlatform
[2018.06.28-08.35.18:264][  0]LogTemp: Display: Loaded TP TVOSTargetPlatform
[2018.06.28-08.35.18:278][  0]LogTemp: Display: Loaded TP LinuxClientTargetPlatform
[2018.06.28-08.35.18:293][  0]LogTemp: Display: Loaded TP LinuxNoEditorTargetPlatform
[2018.06.28-08.35.18:307][  0]LogTemp: Display: Loaded TP LinuxServerTargetPlatform
[2018.06.28-08.35.18:336][  0]LogTemp: Display: Loaded TP LinuxTargetPlatform
[2018.06.28-08.35.18:336][  0]LogTargetPlatformManager: Display: Building Assets For Windows
[2018.06.28-08.35.18:480][  0]LogXGEController: Cleaning working directory: C:/Users/Jan Torrent/AppData/Local/Temp/UnrealXGEWorkingDir/
[2018.06.28-08.35.18:480][  0]LogXGEController: Cannot use XGE Controller as Incredibuild is not installed on this machine.
[2018.06.28-08.35.18:480][  0]LogShaderCompilers: Cannot use XGE Shader Compiler as Incredibuild is not installed on this machine.
[2018.06.28-08.35.18:480][  0]LogShaderCompilers: Display: Using Local Shader Compiler.
[2018.06.28-08.35.20:418][  0]LogDerivedDataCache: Display: Max Cache Size: 512 MB
[2018.06.28-08.35.20:506][  0]LogDerivedDataCache: Loaded boot cache 0.09s 74MB C:/Users/Jan Torrent/AppData/Local/UnrealEngine/4.19/DerivedDataCache/Boot.ddc.
[2018.06.28-08.35.20:507][  0]LogDerivedDataCache: Display: Loaded Boot cache: C:/Users/Jan Torrent/AppData/Local/UnrealEngine/4.19/DerivedDataCache/Boot.ddc
[2018.06.28-08.35.20:507][  0]LogDerivedDataCache: FDerivedDataBackendGraph:  Pak pak cache file ../../../../../../Users/Jan Torrent/Desktop/Github/JanXUnreal/GranProyectodeNOreal/DerivedDataCache/DDC.ddp not found, will not use a pak cache.
[2018.06.28-08.35.20:507][  0]LogDerivedDataCache: Unable to find inner node Pak for hierarchical cache Hierarchy.
[2018.06.28-08.35.20:507][  0]LogDerivedDataCache: FDerivedDataBackendGraph:  CompressedPak pak cache file ../../../../../../Users/Jan Torrent/Desktop/Github/JanXUnreal/GranProyectodeNOreal/DerivedDataCache/Compressed.ddp not found, will not use a pak cache.
[2018.06.28-08.35.20:507][  0]LogDerivedDataCache: Unable to find inner node CompressedPak for hierarchical cache Hierarchy.
[2018.06.28-08.35.20:527][  0]LogDerivedDataCache: Display: Pak cache opened for reading ../../../Engine/DerivedDataCache/Compressed.ddp.
[2018.06.28-08.35.20:539][  0]LogDerivedDataCache: Using Local data cache path C:/Users/Jan Torrent/AppData/Local/UnrealEngine/Common/DerivedDataCache: Writable
[2018.06.28-08.35.20:539][  0]LogDerivedDataCache: Shared data cache path not found in *engine.ini, will not use an Shared cache.
[2018.06.28-08.35.20:539][  0]LogDerivedDataCache: Unable to find inner node Shared for hierarchical cache Hierarchy.
[2018.06.28-08.35.20:554][  0]LogMaterial: Verifying Global Shaders for PCD3D_SM5
[2018.06.28-08.35.20:554][  0]LogSlate: Using Freetype 2.6.0
[2018.06.28-08.35.20:555][  0]LogSlate: SlateFontCache - WITH_FREETYPE: 1, WITH_HARFBUZZ: 1
[2018.06.28-08.35.20:555][  0]LogSlate: SlateFontCache - WITH_FREETYPE: 1, WITH_HARFBUZZ: 1
[2018.06.28-08.35.20:694][  0]LogAssetRegistry: FAssetRegistry took 0.0271 seconds to start up
[2018.06.28-08.35.21:076][  0]LogInit: Selected Device Profile: [Windows]
[2018.06.28-08.35.21:259][  0]LogSimplygon: Simplygon DLL not present - disabling.
[2018.06.28-08.35.21:262][  0]LogMeshReduction: Using SimplygonSwarm for distributed automatic mesh merging
[2018.06.28-08.35.21:262][  0]LogMeshReduction: Using QuadricMeshReduction for automatic static mesh reduction
[2018.06.28-08.35.21:262][  0]LogMeshReduction: No automatic skeletal mesh reduction module available
[2018.06.28-08.35.21:262][  0]LogMeshReduction: No automatic mesh merging module available
[2018.06.28-08.35.21:262][  0]LogMeshMerging: No automatic mesh merging module available
[2018.06.28-08.35.21:299][  0]LogNetVersion: GranProyectodeNOreal , NetCL: 3944462, EngineNetVer: 2, GameNetVer: 0 (Checksum: 1917389254)
[2018.06.28-08.35.21:820][  0]LogPackageLocalizationCache: Processed 9 localized package path(s) for 1 prioritized culture(s) in 0.054395 seconds
[2018.06.28-08.35.21:827][  0]LogUObjectArray: 36728 objects as part of root set at end of initial load.
[2018.06.28-08.35.21:827][  0]LogUObjectAllocator: 7314304 out of 0 bytes used by permanent object pool.
[2018.06.28-08.35.21:827][  0]LogUObjectArray: CloseDisregardForGC: 0/0 objects in disregard for GC pool
[2018.06.28-08.35.39:587][  0]LogTcpMessaging: Initializing TcpMessaging bridge
[2018.06.28-08.35.39:621][  0]LogUdpMessaging: Initializing bridge on interface 0.0.0.0:0 to multicast group 230.0.0.1:6666.
[2018.06.28-08.35.40:197][  0]SourceControl: Source control is disabled
[2018.06.28-08.35.40:197][  0]SourceControl: Source control is disabled
[2018.06.28-08.35.40:219][  0]SourceControl: Source control is disabled
[2018.06.28-08.35.40:241][  0]SourceControl: Source control is disabled
[2018.06.28-08.35.40:851][  0]LogAndroidPermission: UAndroidPermissionCallbackProxy::GetInstance
[2018.06.28-08.35.41:029][  0]LogOcInput: OculusInput pre-init called
[2018.06.28-08.35.41:246][  0]LogEngine: Initializing Engine...
[2018.06.28-08.35.41:248][  0]LogHMD: Failed to initialize OpenVR with code 110
[2018.06.28-08.35.41:250][  0]LogStats: UGameplayTagsManager::ConstructGameplayTagTree: Construct from data asset -  0.000 s
[2018.06.28-08.35.41:250][  0]LogStats: UGameplayTagsManager::ConstructGameplayTagTree: GameplayTagTreeChangedEvent.Broadcast -  0.000 s
[2018.06.28-08.35.41:527][  0]LogAIModule: Creating AISystem for world Untitled
[2018.06.28-08.35.41:550][  0]LogInit: XAudio2 using 'Altavoces (Realtek High Definition Audio)' : 2 channels at 48 kHz using 32 bits per sample (channel mask 0x3)
[2018.06.28-08.35.41:685][  0]LogInit: FAudioDevice initialized.
[2018.06.28-08.35.41:979][  0]LogDerivedDataCache: Saved boot cache 0.29s 74MB C:/Users/Jan Torrent/AppData/Local/UnrealEngine/4.19/DerivedDataCache/Boot.ddc.
[2018.06.28-08.35.42:000][  0]LogInit: Texture streaming: Enabled
[2018.06.28-08.35.42:022][  0]LogEngineSessionManager: EngineSessionManager initialized
[2018.06.28-08.35.42:043][  0]LogEngineSessionManager: EngineSessionManager sent abnormal shutdown report. Type=Crashed, SessionId={04D2BB1C-43AA-1DFE-3B14-899FF5F6025C}
[2018.06.28-08.35.42:061][  0]LogInit: Transaction tracking system initialized
[2018.06.28-08.35.42:092][  0]BlueprintLog: New page: Editor Load
[2018.06.28-08.35.42:191][  0]LocalizationService: Localization service is disabled
[2018.06.28-08.35.42:602][  0]LogConsoleResponse: Display: 
[2018.06.28-08.35.42:831][  0]LogCook: Display: Max memory allowance for cook 16384mb min free memory 0mb
[2018.06.28-08.35.42:831][  0]LogCook: Display: Mobile HDR setting 1
[2018.06.28-08.35.42:831][  0]LogGameplayTags: Display: UGameplayTagsManager::DoneAddingNativeTags. DelegateIsBound: 0
[2018.06.28-08.35.42:832][  0]LogStats: UGameplayTagsManager::ConstructGameplayTagTree: Construct from data asset -  0.000 s
[2018.06.28-08.35.42:832][  0]LogStats: UGameplayTagsManager::ConstructGameplayTagTree: GameplayTagTreeChangedEvent.Broadcast -  0.000 s
[2018.06.28-08.35.43:592][  0]LogFileCache: Scanning file cache for directory 'C:/Users/Jan Torrent/Desktop/Github/JanXUnreal/GranProyectodeNOreal/Content/' took 0.02s
[2018.06.28-08.35.43:601][  0]SourceControl: Source control is disabled
[2018.06.28-08.35.43:601][  0]Cmd: MAP LOAD FILE="../../../../../../Users/Jan Torrent/Desktop/Github/JanXUnreal/GranProyectodeNOreal/Content/StarterContent/Maps/Minimal_Default.umap" TEMPLATE=0 SHOWPROGRESS=1 FEATURELEVEL=3
[2018.06.28-08.35.43:601][  0]LightingResults: New page: Lighting Build
[2018.06.28-08.35.43:605][  0]MapCheck: New page: Map Check
[2018.06.28-08.35.43:605][  0]LightingResults: New page: Lighting Build
[2018.06.28-08.35.44:093][  0]LogAIModule: Creating AISystem for world Minimal_Default
[2018.06.28-08.35.44:102][  0]LogEditorServer: Finished looking for orphan Actors (0.000 secs)
[2018.06.28-08.35.44:118][  0]Cmd: MAP CHECKDEP NOCLEARLOG
[2018.06.28-08.35.44:185][  0]MapCheck: Map check complete: 0 Error(s), 0 Warning(s), took 66.748ms to complete.
[2018.06.28-08.35.44:185][  0]LogFileHelpers: Loading map 'Minimal_Default' took 0.584
[2018.06.28-08.35.44:284][  0]LogCollectionManager: Loaded 0 collections in 0.004127 seconds
[2018.06.28-08.35.44:326][  0]LogFileCache: Scanning file cache for directory 'C:/Users/Jan Torrent/Desktop/Github/JanXUnreal/GranProyectodeNOreal/Saved/Collections/' took 0.01s
[2018.06.28-08.35.44:326][  0]LogFileCache: Scanning file cache for directory 'C:/Users/Jan Torrent/Desktop/Github/JanXUnreal/GranProyectodeNOreal/Content/Developers/JanTorrent/Collections/' took 0.01s
[2018.06.28-08.35.44:326][  0]LogFileCache: Scanning file cache for directory 'C:/Users/Jan Torrent/Desktop/Github/JanXUnreal/GranProyectodeNOreal/Content/Collections/' took 0.01s
[2018.06.28-08.35.44:326][  0]LogCollectionManager: Rebuilt the GUID cache for 0 collections in 0.000000 seconds
[2018.06.28-08.35.44:337][  0]LogContentBrowser: Native class hierarchy populated in 0.0103 seconds. Added 2452 classes and 558 folders.
[2018.06.28-08.35.44:345][  0]LogContentBrowser: Native class hierarchy updated for 'WidgetCarousel' in 0.0002 seconds. Added 0 classes and 0 folders.
[2018.06.28-08.35.44:997][  0]LogContentBrowser: Native class hierarchy updated for 'AddContentDialog' in 0.0002 seconds. Added 0 classes and 0 folders.
[2018.06.28-08.35.45:125][  0]LogContentBrowser: Native class hierarchy updated for 'SceneOutliner' in 0.0003 seconds. Added 1 classes and 2 folders.
[2018.06.28-08.35.45:139][  0]LogSlate: Took 0.000254 seconds to synchronously load lazily loaded font '../../../Engine/Content/Slate/Fonts/Roboto-Regular.ttf' (155K)
[2018.06.28-08.35.45:142][  0]LogSlate: Took 0.000264 seconds to synchronously load lazily loaded font '../../../Engine/Content/Slate/Fonts/Roboto-Bold.ttf' (160K)
[2018.06.28-08.35.45:262][  0]LogRenderer: Reallocating scene render targets to support 756x564 Format 9 NumSamples 1 (Frame:1).
[2018.06.28-08.35.45:423][  0]LogContentBrowser: Native class hierarchy updated for 'HierarchicalLODOutliner' in 0.0003 seconds. Added 0 classes and 0 folders.
[2018.06.28-08.35.45:423][  0]LogLoad: (Engine Initialization) Total time: 35.43 seconds
[2018.06.28-08.35.45:423][  0]LogLoad: (Engine Initialization) Total Blueprint compile time: 0.00 seconds
[2018.06.28-08.35.45:447][  0]LogWindowsTextInputMethodSystem: Display: IME system now deactivated.
[2018.06.28-08.35.45:465][  0]LogContentStreaming: Texture pool size now 600 MB
[2018.06.28-08.35.45:700][  1]LogAssetRegistry: Asset discovery search completed in 25.0285 seconds
[2018.06.28-08.35.45:702][  1]LogCollectionManager: Rebuilt the object cache for 0 collections in 0.000000 seconds (found 0 objects)
[2018.06.28-08.35.45:703][  1]LogCollectionManager: Fixed up redirectors for 0 collections in 0.000077 seconds (updated 0 objects)
[2018.06.28-08.35.54:263][502]LogSlate: FSceneViewport::OnFocusLost() reason 0
[2018.06.28-08.35.54:265][502]LogSlate: Took 0.000390 seconds to synchronously load lazily loaded font '../../../Engine/Content/Editor/Slate/Fonts/FontAwesome.ttf' (139K)
[2018.06.28-08.35.54:272][502]LogSlate: Took 0.000242 seconds to synchronously load lazily loaded font '../../../Engine/Content/Slate/Fonts/Roboto-Light.ttf' (167K)
[2018.06.28-08.35.57:651][705]LogSlate: Took 0.000235 seconds to synchronously load lazily loaded font '../../../Engine/Content/Slate/Fonts/Roboto-Light.ttf' (167K)
[2018.06.28-08.35.57:676][705]LogAIModule: Creating AISystem for world Landscape_Lvl
[2018.06.28-08.35.57:697][705]Cmd: MAP LOAD FILE="../../../../../../Users/Jan Torrent/Desktop/Github/JanXUnreal/GranProyectodeNOreal/Content/Levels/Landscape_Lvl.umap" TEMPLATE=0 SHOWPROGRESS=1 FEATURELEVEL=3
[2018.06.28-08.35.57:698][705]LightingResults: New page: Lighting Build
[2018.06.28-08.35.57:699][705]LoadErrors: New page: Loading map: Landscape_Lvl.umap
[2018.06.28-08.35.57:700][705]MapCheck: New page: Map Check
[2018.06.28-08.35.57:700][705]LightingResults: New page: Lighting Build
[2018.06.28-08.35.57:715][705]LogEditorServer: Finished looking for orphan Actors (0.000 secs)
[2018.06.28-08.35.57:749][705]Cmd: MAP CHECKDEP NOCLEARLOG
[2018.06.28-08.35.57:813][705]MapCheck: Map check complete: 0 Error(s), 0 Warning(s), took 64.059ms to complete.
[2018.06.28-08.35.57:813][705]LogFileHelpers: Loading map 'Landscape_Lvl' took 0.118
[2018.06.28-08.36.01:293][899]LogTexture: Display: Building textures: Texture2D_2 (G8, 128X128)
[2018.06.28-08.36.06:854][222]LogTexture: Display: Building textures: Texture2D_0 (BGRA8, 512X512)
[2018.06.28-08.36.25:323][964]LogSlate: FSceneViewport::OnFocusLost() reason 0
[2018.06.28-08.37.38:122][857]LogEditorViewport: Clicking on Actor (double click): Landscape (Landscape)
[2018.06.28-08.37.38:624][879]LogEditorViewport: Clicking on Actor (double click): Landscape (Landscape)
[2018.06.28-08.37.39:360][894]LogEditorViewport: Clicking on Actor (double click): Landscape (Landscape)
[2018.06.28-08.38.05:349][926]LogEditorViewport: Clicking on Actor (double click): Landscape (Landscape)
[2018.06.28-08.38.06:001][942]LogEditorViewport: Clicking on Actor (double click): Landscape (Landscape)
[2018.06.28-08.38.33:502][ 35]Cmd: TRANSACTION UNDO
[2018.06.28-08.38.33:502][ 35]LogEditorTransaction: Undo Landscape Editing: Sculpt
[2018.06.28-08.38.33:542][ 35]LogTexture: Display: Building textures: Texture2D_0 (BGRA8, 512X512)
[2018.06.28-08.38.43:705][429]Cmd: SELECT NONE
[2018.06.28-08.38.44:319][450]LogSlate: FSceneViewport::OnFocusLost() reason 2
[2018.06.28-08.38.49:965][782]LogTexture: Display: Building textures: Texture2D_1 (BGRA8, 64X64)
[2018.06.28-08.38.50:017][782]LogTexture: Display: Building textures: Texture2D_2 (BGRA8, 64X64)
[2018.06.28-08.38.53:464][892]LogEditorViewport: Clicking on Actor (double click): Landscape (Landscape)
[2018.06.28-08.38.56:284][982]LogSlate: FSceneViewport::OnFocusLost() reason 2
[2018.06.28-08.39.03:033][362]LogSlate: FSceneViewport::OnFocusLost() reason 2
[2018.06.28-08.39.14:816][829]LogSlate: FSceneViewport::OnFocusLost() reason 0
[2018.06.28-08.39.28:781][418]LogEditorViewport: Clicking on Actor (context menu): Landscape (Landscape)
[2018.06.28-08.39.28:899][418]LogSlate: FSceneViewport::OnFocusLost() reason 2
[2018.06.28-08.39.32:397][554]LogEditorViewport: Clicking on Actor (double click): Landscape (Landscape)
[2018.06.28-08.39.33:497][582]LogSlate: FSceneViewport::OnFocusLost() reason 2
[2018.06.28-08.39.44:852][ 47]LogSlate: FSceneViewport::OnFocusLost() reason 2
[2018.06.28-08.39.50:797][267]LogEditorViewport: Clicking on Actor (double click): Landscape (Landscape)
[2018.06.28-08.39.51:196][274]LogEditorViewport: Clicking on Actor (double click): Landscape (Landscape)
[2018.06.28-08.39.54:717][392]LogSlate: FSceneViewport::OnFocusLost() reason 2
[2018.06.28-08.40.00:026][612]LogEditorViewport: Clicking on Actor (double click): Landscape (Landscape)
[2018.06.28-08.40.35:979][759]LogEditorViewport: Clicking on Actor (double click): Landscape (Landscape)
[2018.06.28-08.41.13:637][101]LogSlate: FSceneViewport::OnFocusLost() reason 0
[2018.06.28-08.41.22:890][496]LogEditorViewport: Clicking on Actor (context menu): Landscape (Landscape)
[2018.06.28-08.41.22:952][496]LogSlate: FSceneViewport::OnFocusLost() reason 2
[2018.06.28-08.41.22:964][496]LogEditorViewport: Clicking on Actor (context menu): Landscape (Landscape)
[2018.06.28-08.41.24:716][576]LogEditorViewport: Clicking on Actor (context menu): Landscape (Landscape)
[2018.06.28-08.41.24:837][576]LogSlate: FSceneViewport::OnFocusLost() reason 2
[2018.06.28-08.41.31:758][787]LogEditorViewport: Clicking on Actor (double click): Landscape (Landscape)
[2018.06.28-08.41.34:333][858]LogEditorViewport: Clicking on Actor (double click): Landscape (Landscape)
[2018.06.28-08.41.36:217][929]Cmd: TRANSACTION UNDO
[2018.06.28-08.41.36:217][929]LogEditorTransaction: Undo Clicking on Actors (double-click)
[2018.06.28-08.41.38:157][991]Cmd: TRANSACTION UNDO
[2018.06.28-08.41.38:157][991]LogEditorTransaction: Undo Clicking on Actors (double-click)
[2018.06.28-08.41.38:602][ 12]Cmd: TRANSACTION UNDO
[2018.06.28-08.41.38:602][ 12]LogEditorTransaction: Undo Clicking on Actors (context menu)
[2018.06.28-08.41.39:974][ 56]Cmd: TRANSACTION UNDO
[2018.06.28-08.41.39:974][ 56]LogEditorTransaction: Undo Clicking on Actors (context menu)
[2018.06.28-08.41.40:246][ 68]Cmd: TRANSACTION UNDO
[2018.06.28-08.41.40:246][ 68]LogEditorTransaction: Undo Clicking on Actors (context menu)
[2018.06.28-08.41.40:937][ 83]Cmd: TRANSACTION UNDO
[2018.06.28-08.41.40:937][ 83]LogEditorTransaction: Undo Clicking on Actors (double-click)
[2018.06.28-08.41.41:188][ 89]Cmd: TRANSACTION UNDO
[2018.06.28-08.41.41:188][ 89]LogEditorTransaction: Undo Clicking on Actors (double-click)
[2018.06.28-08.41.41:393][ 96]Cmd: TRANSACTION UNDO
[2018.06.28-08.41.41:393][ 96]LogEditorTransaction: Undo Clicking on Actors (double-click)
[2018.06.28-08.41.42:908][148]Cmd: TRANSACTION UNDO
[2018.06.28-08.41.42:908][148]LogEditorTransaction: Undo Landscape Editing: Erosion
[2018.06.28-08.41.42:942][148]LogTexture: Display: Building textures: Texture2D_1 (BGRA8, 64X64)
[2018.06.28-08.41.42:956][148]LogTexture: Display: Building textures: Texture2D_0 (BGRA8, 512X512)
[2018.06.28-08.41.43:004][148]LogTexture: Display: Building textures: Texture2D_2 (BGRA8, 64X64)
[2018.06.28-08.41.43:316][154]Cmd: TRANSACTION UNDO
[2018.06.28-08.41.43:316][154]LogEditorTransaction: Undo Clicking on Actors (double-click)
[2018.06.28-08.41.50:026][330]LogEditorViewport: Clicking on Actor (context menu): Landscape (Landscape)
[2018.06.28-08.41.50:096][330]LogSlate: FSceneViewport::OnFocusLost() reason 2
[2018.06.28-08.41.54:395][487]LogSlate: FSceneViewport::OnFocusLost() reason 0
[2018.06.28-08.42.46:098][165]Cmd: SELECT NONE
[2018.06.28-08.42.46:901][186]LogSlate: FSceneViewport::OnFocusLost() reason 2
[2018.06.28-08.42.49:556][313]LogEditorViewport: Clicking on Actor (double click): Landscape (Landscape)
[2018.06.28-08.42.51:023][361]LogEditorViewport: Clicking on Actor (double click): Landscape (Landscape)
[2018.06.28-08.42.51:403][368]LogEditorViewport: Clicking on Actor (double click): Landscape (Landscape)
[2018.06.28-08.43.05:665][821]Cmd: TRANSACTION UNDO
[2018.06.28-08.43.05:665][821]LogEditorTransaction: Undo Landscape Editing: Noise
[2018.06.28-08.43.05:794][821]LogTexture: Display: Building textures: Texture2D_1 (BGRA8, 64X64)
[2018.06.28-08.43.05:813][821]LogTexture: Display: Building textures: Texture2D_0 (BGRA8, 512X512)
[2018.06.28-08.43.21:523][297]Cmd: TRANSACTION UNDO
[2018.06.28-08.43.21:523][297]LogEditorTransaction: Undo Landscape Editing: Noise
[2018.06.28-08.43.21:678][297]LogTexture: Display: Building textures: Texture2D_1 (BGRA8, 64X64)
[2018.06.28-08.43.21:698][297]LogTexture: Display: Building textures: Texture2D_0 (BGRA8, 512X512)
[2018.06.28-08.43.22:368][318]Cmd: TRANSACTION UNDO
[2018.06.28-08.43.22:368][318]LogEditorTransaction: Undo Clicking on Actors (double-click)
[2018.06.28-08.43.27:030][465]LogSlate: FSceneViewport::OnFocusLost() reason 0
[2018.06.28-08.43.35:048][787]LogSlate: FSceneViewport::OnFocusLost() reason 2
[2018.06.28-08.44.06:968][882]LogEditorViewport: Clicking on Actor (double click): Landscape (Landscape)
[2018.06.28-08.44.22:551][381]Cmd: TRANSACTION UNDO
[2018.06.28-08.44.22:551][381]LogEditorTransaction: Undo Landscape Editing: Flatten
[2018.06.28-08.44.22:632][381]LogTexture: Display: Building textures: Texture2D_0 (BGRA8, 512X512)
[2018.06.28-08.44.22:683][381]LogTexture: Display: Building textures: Texture2D_1 (BGRA8, 64X64)
[2018.06.28-08.44.22:790][381]LogTexture: Display: Building textures: Texture2D_2 (BGRA8, 64X64)
[2018.06.28-08.44.23:180][391]Cmd: TRANSACTION UNDO
[2018.06.28-08.44.23:180][391]LogEditorTransaction: Undo Clicking on Actors (double-click)
[2018.06.28-08.44.34:976][813]LogSlate: FSceneViewport::OnFocusLost() reason 2
[2018.06.28-08.44.35:363][815]LogD3D11RHI: Error: Result failed 
 at D:\Build\++UE4+Release-4.19+Compile\Sync\Engine\Source\Runtime\Windows\D3D11RHI\Private\D3D11Viewport.cpp:303 
 with error E_INVALIDARG
[2018.06.28-08.44.35:402][815]LogWindows: Windows GetLastError: La operación se completó correctamente. (0)
[2018.06.28-08.44.36:415][815]LogWindows: Windows GetLastError: La operación se completó correctamente. (0)
[2018.06.28-08.44.36:415][815]LogWindows: Error: === Critical error: ===
[2018.06.28-08.44.36:415][815]LogWindows: Error: 
[2018.06.28-08.44.36:415][815]LogWindows: Error: Fatal error: [File:D:\Build\++UE4+Release-4.19+Compile\Sync\Engine\Source\Runtime\RenderCore\Private\RenderingThread.cpp] [Line: 819] 
[2018.06.28-08.44.36:415][815]LogWindows: Error: Rendering thread exception:
[2018.06.28-08.44.36:415][815]LogWindows: Error: Fatal error: [File:D:\Build\++UE4+Release-4.19+Compile\Sync\Engine\Source\Runtime\Windows\D3D11RHI\Private\D3D11Util.cpp] [Line: 233] 
[2018.06.28-08.44.36:415][815]LogWindows: Error: Result failed 
[2018.06.28-08.44.36:415][815]LogWindows: Error:  at D:\Build\++UE4+Release-4.19+Compile\Sync\Engine\Source\Runtime\Windows\D3D11RHI\Private\D3D11Viewport.cpp:303 
[2018.06.28-08.44.36:415][815]LogWindows: Error:  with error E_INVALIDARG
[2018.06.28-08.44.36:415][815]LogWindows: Error: 
[2018.06.28-08.44.36:415][815]LogWindows: Error: 
[2018.06.28-08.44.36:415][815]LogWindows: Error: [Callstack] 0x000000006260A388 KERNELBASE.dll!UnknownFunction []
[2018.06.28-08.44.36:415][815]LogWindows: Error: [Callstack] 0x000000003C5A7884 UE4Editor-ApplicationCore.dll!UnknownFunction []
[2018.06.28-08.44.36:415][815]LogWindows: Error: [Callstack] 0x000000002EE76D9B UE4Editor-Core.dll!UnknownFunction []
[2018.06.28-08.44.36:415][815]LogWindows: Error: [Callstack] 0x000000002EDB1949 UE4Editor-Core.dll!UnknownFunction []
[2018.06.28-08.44.36:415][815]LogWindows: Error: [Callstack] 0x000000000CECE796 UE4Editor-D3D11RHI.dll!UnknownFunction []
[2018.06.28-08.44.36:415][815]LogWindows: Error: [Callstack] 0x000000000CEAD62A UE4Editor-D3D11RHI.dll!UnknownFunction []
[2018.06.28-08.44.36:415][815]LogWindows: Error: [Callstack] 0x000000000CEAD58C UE4Editor-D3D11RHI.dll!UnknownFunction []
[2018.06.28-08.44.36:415][815]LogWindows: Error: [Callstack] 0x000000000CEBAADF UE4Editor-D3D11RHI.dll!UnknownFunction []
[2018.06.28-08.44.36:415][815]LogWindows: Error: [Callstack] 0x000000003D09F0B6 UE4Editor-RHI.dll!UnknownFunction []
[2018.06.28-08.44.36:415][815]LogWindows: Error: [Callstack] 0x000000000CC91FF8 UE4Editor-SlateRHIRenderer.dll!UnknownFunction []
[2018.06.28-08.44.36:415][815]LogWindows: Error: [Callstack] 0x000000000CC97C4C UE4Editor-SlateRHIRenderer.dll!UnknownFunction []
[2018.06.28-08.44.36:415][815]LogWindows: Error: [Callstack] 0x000000002EC8B713 UE4Editor-Core.dll!UnknownFunction []
[2018.06.28-08.44.36:416][815]LogWindows: Error: [Callstack] 0x000000002EC8BD3A UE4Editor-Core.dll!UnknownFunction []
[2018.06.28-08.44.36:416][815]LogWindows: Error: [Callstack] 0x0000000056BE3CC9 UE4Editor-RenderCore.dll!UnknownFunction []
[2018.06.28-08.44.36:416][815]LogWindows: Error: [Callstack] 0x0000000056BE4CF6 UE4Editor-RenderCore.dll!UnknownFunction []
[2018.06.28-08.44.36:416][815]LogWindows: Error: [Callstack] 0x000000002F059FFC UE4Editor-Core.dll!UnknownFunction []
[2018.06.28-08.44.36:416][815]LogWindows: Error: [Callstack] 0x000000002F04ED63 UE4Editor-Core.dll!UnknownFunction []
[2018.06.28-08.44.36:416][815]LogWindows: Error: [Callstack] 0x0000000065EA3034 KERNEL32.DLL!UnknownFunction []
[2018.06.28-08.44.36:416][815]LogWindows: Error: [Callstack] 0x0000000066271431 ntdll.dll!UnknownFunction []
[2018.06.28-08.44.36:416][815]LogWindows: Error: [Callstack] 0x0000000066271431 ntdll.dll!UnknownFunction []
[2018.06.28-08.44.36:416][815]LogWindows: Error: 
[2018.06.28-08.44.36:416][815]LogWindows: Error: 
[2018.06.28-08.44.36:416][815]LogWindows: Error: 
[2018.06.28-08.44.36:416][815]LogWindows: Error: 
[2018.06.28-08.44.36:436][815]LogExit: Executing StaticShutdownAfterError
[2018.06.28-08.44.36:443][815]LogWindows: FPlatformMisc::RequestExit(1)
[2018.06.28-08.44.36:443][815]Log file closed, 06/28/18 10:44:36
